2022-02-23 16:53:21,524 [Worker-1: Loading available Gradle versions] INFO  o.e.b.c.i.u.g.PublishedGradleVersions - Gradle version information cache is not available. Remote download required.
2022-03-04 18:41:32,607 [Worker-5: Loading available Gradle versions] INFO  o.e.b.c.i.u.g.PublishedGradleVersions - Gradle version information cache is out-of-date. Trying to update.
2022-03-04 19:14:51,298 [ModalContext] INFO  o.e.m.c.i.e.AbstractTransferListenerAdapter - Downloading https://repo1.maven.org/maven2/org/jboss/weld/archetypes/weld-jsf-jee/1.0.0-BETA1/weld-jsf-jee-1.0.0-BETA1.jar
2022-03-04 19:14:51,743 [ModalContext] INFO  o.e.m.c.i.e.AbstractTransferListenerAdapter - Downloaded https://repo1.maven.org/maven2/org/jboss/weld/archetypes/weld-jsf-jee/1.0.0-BETA1/weld-jsf-jee-1.0.0-BETA1.jar
2022-03-04 19:14:51,902 [ModalContext] INFO  o.e.m.c.i.e.AbstractTransferListenerAdapter - Downloading https://repo1.maven.org/maven2/org/jboss/weld/archetypes/weld-jsf-jee/1.0.0-BETA1/weld-jsf-jee-1.0.0-BETA1.pom
2022-03-04 19:14:52,059 [ModalContext] INFO  o.e.m.c.i.e.AbstractTransferListenerAdapter - Downloaded https://repo1.maven.org/maven2/org/jboss/weld/archetypes/weld-jsf-jee/1.0.0-BETA1/weld-jsf-jee-1.0.0-BETA1.pom
2022-03-04 19:15:12,250 [Worker-0: Creating weld-jsf-jee] INFO  o.e.m.c.i.p.ProjectConfigurationManager - Collecting project info '/pom.xml' C:\Users\Admin\eclipse-workspace\weld-jee\pom.xml
2022-03-04 19:15:13,418 [Worker-0: Creating weld-jsf-jee] INFO  o.e.m.c.i.e.AbstractTransferListenerAdapter - Downloaded http://repository.jboss.org/maven2/org/jboss/weld/weld-extensions-bom/1.0.0-CR2/weld-extensions-bom-1.0.0-CR2.pom
2022-03-04 19:15:13,951 [Worker-0: Creating weld-jsf-jee] INFO  o.e.m.c.i.e.AbstractTransferListenerAdapter - Downloading https://repo.maven.apache.org/maven2/org/jboss/weld/weld-extensions-bom/1.0.0-CR2/weld-extensions-bom-1.0.0-CR2.pom
2022-03-04 19:15:14,101 [Worker-0: Creating weld-jsf-jee] INFO  o.e.m.c.i.e.AbstractTransferListenerAdapter - Downloaded https://repo.maven.apache.org/maven2/org/jboss/weld/weld-extensions-bom/1.0.0-CR2/weld-extensions-bom-1.0.0-CR2.pom
2022-03-04 19:15:14,468 [Worker-0: Creating weld-jsf-jee] INFO  o.e.m.c.i.e.AbstractTransferListenerAdapter - Downloaded http://repository.jboss.org/maven2/org/jboss/weld/weld-parent/2/weld-parent-2.pom
2022-03-04 19:15:14,616 [Worker-0: Creating weld-jsf-jee] INFO  o.e.m.c.i.e.AbstractTransferListenerAdapter - Downloading https://repo.maven.apache.org/maven2/org/jboss/weld/weld-parent/2/weld-parent-2.pom
2022-03-04 19:15:14,781 [Worker-0: Creating weld-jsf-jee] INFO  o.e.m.c.i.e.AbstractTransferListenerAdapter - Downloaded https://repo.maven.apache.org/maven2/org/jboss/weld/weld-parent/2/weld-parent-2.pom
2022-03-04 19:15:15,702 [Worker-0: Creating weld-jsf-jee] INFO  o.e.m.c.i.e.AbstractTransferListenerAdapter - Downloaded http://repository.jboss.org/maven2/org/jboss/weld/weld-core-bom/1.0.0/weld-core-bom-1.0.0.pom
2022-03-04 19:15:15,849 [Worker-0: Creating weld-jsf-jee] INFO  o.e.m.c.i.e.AbstractTransferListenerAdapter - Downloading https://repo.maven.apache.org/maven2/org/jboss/weld/weld-core-bom/1.0.0/weld-core-bom-1.0.0.pom
2022-03-04 19:15:15,980 [Worker-0: Creating weld-jsf-jee] INFO  o.e.m.c.i.e.AbstractTransferListenerAdapter - Downloaded https://repo.maven.apache.org/maven2/org/jboss/weld/weld-core-bom/1.0.0/weld-core-bom-1.0.0.pom
2022-03-04 19:15:16,937 [Worker-0: Creating weld-jsf-jee] INFO  o.e.m.c.i.e.AbstractTransferListenerAdapter - Downloading https://repo.maven.apache.org/maven2/org/apache/maven/plugins/maven-eclipse-plugin/maven-metadata.xml
2022-03-04 19:15:17,065 [Worker-0: Creating weld-jsf-jee] INFO  o.e.m.c.i.e.AbstractTransferListenerAdapter - Downloaded https://repo.maven.apache.org/maven2/org/apache/maven/plugins/maven-eclipse-plugin/maven-metadata.xml
2022-03-04 19:15:17,198 [Worker-0: Creating weld-jsf-jee] INFO  o.e.m.c.i.e.AbstractTransferListenerAdapter - Downloading https://repo.maven.apache.org/maven2/org/apache/maven/plugins/maven-eclipse-plugin/2.10/maven-eclipse-plugin-2.10.pom
2022-03-04 19:15:17,333 [Worker-0: Creating weld-jsf-jee] INFO  o.e.m.c.i.e.AbstractTransferListenerAdapter - Downloaded https://repo.maven.apache.org/maven2/org/apache/maven/plugins/maven-eclipse-plugin/2.10/maven-eclipse-plugin-2.10.pom
2022-03-04 19:15:17,471 [Worker-0: Creating weld-jsf-jee] INFO  o.e.m.c.i.e.AbstractTransferListenerAdapter - Downloading https://repo.maven.apache.org/maven2/org/apache/maven/plugins/maven-eclipse-plugin/2.10/maven-eclipse-plugin-2.10.jar
2022-03-04 19:15:17,883 [Worker-0: Creating weld-jsf-jee] INFO  o.e.m.c.i.e.AbstractTransferListenerAdapter - Downloaded https://repo.maven.apache.org/maven2/org/apache/maven/plugins/maven-eclipse-plugin/2.10/maven-eclipse-plugin-2.10.jar
2022-03-04 19:15:18,021 [Worker-0: Creating weld-jsf-jee] INFO  o.e.m.c.i.e.AbstractTransferListenerAdapter - Downloading https://repo.maven.apache.org/maven2/org/codehaus/mojo/jboss-maven-plugin/maven-metadata.xml
2022-03-04 19:15:18,181 [Worker-0: Creating weld-jsf-jee] INFO  o.e.m.c.i.e.AbstractTransferListenerAdapter - Downloaded https://repo.maven.apache.org/maven2/org/codehaus/mojo/jboss-maven-plugin/maven-metadata.xml
2022-03-04 19:15:18,307 [Worker-0: Creating weld-jsf-jee] INFO  o.e.m.c.i.e.AbstractTransferListenerAdapter - Downloading https://repo.maven.apache.org/maven2/org/codehaus/mojo/jboss-maven-plugin/1.5.0/jboss-maven-plugin-1.5.0.pom
2022-03-04 19:15:18,434 [Worker-0: Creating weld-jsf-jee] INFO  o.e.m.c.i.e.AbstractTransferListenerAdapter - Downloaded https://repo.maven.apache.org/maven2/org/codehaus/mojo/jboss-maven-plugin/1.5.0/jboss-maven-plugin-1.5.0.pom
2022-03-04 19:15:18,563 [Worker-0: Creating weld-jsf-jee] INFO  o.e.m.c.i.e.AbstractTransferListenerAdapter - Downloading https://repo.maven.apache.org/maven2/org/codehaus/mojo/mojo-parent/27/mojo-parent-27.pom
2022-03-04 19:15:18,697 [Worker-0: Creating weld-jsf-jee] INFO  o.e.m.c.i.e.AbstractTransferListenerAdapter - Downloaded https://repo.maven.apache.org/maven2/org/codehaus/mojo/mojo-parent/27/mojo-parent-27.pom
2022-03-04 19:15:18,825 [Worker-0: Creating weld-jsf-jee] INFO  o.e.m.c.i.e.AbstractTransferListenerAdapter - Downloading https://repo.maven.apache.org/maven2/org/codehaus/codehaus-parent/3/codehaus-parent-3.pom
2022-03-04 19:15:18,958 [Worker-0: Creating weld-jsf-jee] INFO  o.e.m.c.i.e.AbstractTransferListenerAdapter - Downloaded https://repo.maven.apache.org/maven2/org/codehaus/codehaus-parent/3/codehaus-parent-3.pom
2022-03-04 19:15:19,088 [Worker-0: Creating weld-jsf-jee] INFO  o.e.m.c.i.e.AbstractTransferListenerAdapter - Downloading https://repo.maven.apache.org/maven2/org/codehaus/mojo/jboss-maven-plugin/1.5.0/jboss-maven-plugin-1.5.0.jar
2022-03-04 19:15:19,217 [Worker-0: Creating weld-jsf-jee] INFO  o.e.m.c.i.e.AbstractTransferListenerAdapter - Downloaded https://repo.maven.apache.org/maven2/org/codehaus/mojo/jboss-maven-plugin/1.5.0/jboss-maven-plugin-1.5.0.jar
2022-03-04 19:15:19,378 [Worker-0: Creating weld-jsf-jee] INFO  o.e.m.c.i.e.AbstractTransferListenerAdapter - Downloading https://repo.maven.apache.org/maven2/org/apache/maven/plugins/maven-resources-plugin/2.6/maven-resources-plugin-2.6.jar
2022-03-04 19:15:19,514 [Worker-0: Creating weld-jsf-jee] INFO  o.e.m.c.i.e.AbstractTransferListenerAdapter - Downloaded https://repo.maven.apache.org/maven2/org/apache/maven/plugins/maven-resources-plugin/2.6/maven-resources-plugin-2.6.jar
2022-03-04 19:15:19,645 [Worker-0: Creating weld-jsf-jee] INFO  o.e.m.c.i.e.AbstractTransferListenerAdapter - Downloading https://repo.maven.apache.org/maven2/org/apache/maven/plugins/maven-compiler-plugin/3.1/maven-compiler-plugin-3.1.jar
2022-03-04 19:15:19,776 [Worker-0: Creating weld-jsf-jee] INFO  o.e.m.c.i.e.AbstractTransferListenerAdapter - Downloaded https://repo.maven.apache.org/maven2/org/apache/maven/plugins/maven-compiler-plugin/3.1/maven-compiler-plugin-3.1.jar
2022-03-04 19:15:19,909 [Worker-0: Creating weld-jsf-jee] INFO  o.e.m.c.i.e.AbstractTransferListenerAdapter - Downloading https://repo.maven.apache.org/maven2/org/apache/maven/plugins/maven-surefire-plugin/2.12.4/maven-surefire-plugin-2.12.4.jar
2022-03-04 19:15:20,038 [Worker-0: Creating weld-jsf-jee] INFO  o.e.m.c.i.e.AbstractTransferListenerAdapter - Downloaded https://repo.maven.apache.org/maven2/org/apache/maven/plugins/maven-surefire-plugin/2.12.4/maven-surefire-plugin-2.12.4.jar
2022-03-04 19:15:20,169 [Worker-0: Creating weld-jsf-jee] INFO  o.e.m.c.i.e.AbstractTransferListenerAdapter - Downloading https://repo.maven.apache.org/maven2/org/apache/maven/plugins/maven-war-plugin/2.2/maven-war-plugin-2.2.jar
2022-03-04 19:15:20,310 [Worker-0: Creating weld-jsf-jee] INFO  o.e.m.c.i.e.AbstractTransferListenerAdapter - Downloaded https://repo.maven.apache.org/maven2/org/apache/maven/plugins/maven-war-plugin/2.2/maven-war-plugin-2.2.jar
2022-03-04 19:15:20,441 [Worker-0: Creating weld-jsf-jee] INFO  o.e.m.c.i.e.AbstractTransferListenerAdapter - Downloading https://repo.maven.apache.org/maven2/org/apache/maven/plugins/maven-deploy-plugin/2.7/maven-deploy-plugin-2.7.jar
2022-03-04 19:15:20,570 [Worker-0: Creating weld-jsf-jee] INFO  o.e.m.c.i.e.AbstractTransferListenerAdapter - Downloaded https://repo.maven.apache.org/maven2/org/apache/maven/plugins/maven-deploy-plugin/2.7/maven-deploy-plugin-2.7.jar
2022-03-04 19:15:20,701 [Worker-0: Creating weld-jsf-jee] INFO  o.e.m.c.i.e.AbstractTransferListenerAdapter - Downloading https://repo.maven.apache.org/maven2/org/apache/maven/plugins/maven-compiler-plugin/3.1/maven-compiler-plugin-3.1.pom
2022-03-04 19:15:20,828 [Worker-0: Creating weld-jsf-jee] INFO  o.e.m.c.i.e.AbstractTransferListenerAdapter - Downloaded https://repo.maven.apache.org/maven2/org/apache/maven/plugins/maven-compiler-plugin/3.1/maven-compiler-plugin-3.1.pom
2022-03-04 19:15:20,963 [Worker-0: Creating weld-jsf-jee] INFO  o.e.m.c.i.e.AbstractTransferListenerAdapter - Downloading https://repo.maven.apache.org/maven2/org/apache/maven/plugins/maven-plugins/24/maven-plugins-24.pom
2022-03-04 19:15:21,092 [Worker-0: Creating weld-jsf-jee] INFO  o.e.m.c.i.e.AbstractTransferListenerAdapter - Downloaded https://repo.maven.apache.org/maven2/org/apache/maven/plugins/maven-plugins/24/maven-plugins-24.pom
2022-03-04 19:15:21,241 [Worker-0: Creating weld-jsf-jee] INFO  o.e.m.c.i.e.AbstractTransferListenerAdapter - Downloading https://repo.maven.apache.org/maven2/org/codehaus/plexus/plexus-utils/1.5.1/plexus-utils-1.5.1.pom
2022-03-04 19:15:21,369 [Worker-0: Creating weld-jsf-jee] INFO  o.e.m.c.i.e.AbstractTransferListenerAdapter - Downloaded https://repo.maven.apache.org/maven2/org/codehaus/plexus/plexus-utils/1.5.1/plexus-utils-1.5.1.pom
2022-03-04 19:15:21,631 [Worker-0: Creating weld-jsf-jee] INFO  o.e.m.c.i.e.AbstractTransferListenerAdapter - Downloading https://repo.maven.apache.org/maven2/org/codehaus/plexus/plexus-compiler-api/2.2/plexus-compiler-api-2.2.pom
2022-03-04 19:15:21,757 [Worker-0: Creating weld-jsf-jee] INFO  o.e.m.c.i.e.AbstractTransferListenerAdapter - Downloaded https://repo.maven.apache.org/maven2/org/codehaus/plexus/plexus-compiler-api/2.2/plexus-compiler-api-2.2.pom
2022-03-04 19:15:21,890 [Worker-0: Creating weld-jsf-jee] INFO  o.e.m.c.i.e.AbstractTransferListenerAdapter - Downloading https://repo.maven.apache.org/maven2/org/codehaus/plexus/plexus-compiler/2.2/plexus-compiler-2.2.pom
2022-03-04 19:15:22,022 [Worker-0: Creating weld-jsf-jee] INFO  o.e.m.c.i.e.AbstractTransferListenerAdapter - Downloaded https://repo.maven.apache.org/maven2/org/codehaus/plexus/plexus-compiler/2.2/plexus-compiler-2.2.pom
2022-03-04 19:15:22,152 [Worker-0: Creating weld-jsf-jee] INFO  o.e.m.c.i.e.AbstractTransferListenerAdapter - Downloading https://repo.maven.apache.org/maven2/org/codehaus/plexus/plexus-utils/3.0.8/plexus-utils-3.0.8.pom
2022-03-04 19:15:22,285 [Worker-0: Creating weld-jsf-jee] INFO  o.e.m.c.i.e.AbstractTransferListenerAdapter - Downloaded https://repo.maven.apache.org/maven2/org/codehaus/plexus/plexus-utils/3.0.8/plexus-utils-3.0.8.pom
2022-03-04 19:15:22,413 [Worker-0: Creating weld-jsf-jee] INFO  o.e.m.c.i.e.AbstractTransferListenerAdapter - Downloading https://repo.maven.apache.org/maven2/org/codehaus/plexus/plexus-compiler-manager/2.2/plexus-compiler-manager-2.2.pom
2022-03-04 19:15:22,540 [Worker-0: Creating weld-jsf-jee] INFO  o.e.m.c.i.e.AbstractTransferListenerAdapter - Downloaded https://repo.maven.apache.org/maven2/org/codehaus/plexus/plexus-compiler-manager/2.2/plexus-compiler-manager-2.2.pom
2022-03-04 19:15:22,666 [Worker-0: Creating weld-jsf-jee] INFO  o.e.m.c.i.e.AbstractTransferListenerAdapter - Downloading https://repo.maven.apache.org/maven2/org/codehaus/plexus/plexus-compiler-javac/2.2/plexus-compiler-javac-2.2.pom
2022-03-04 19:15:22,799 [Worker-0: Creating weld-jsf-jee] INFO  o.e.m.c.i.e.AbstractTransferListenerAdapter - Downloaded https://repo.maven.apache.org/maven2/org/codehaus/plexus/plexus-compiler-javac/2.2/plexus-compiler-javac-2.2.pom
2022-03-04 19:15:22,926 [Worker-0: Creating weld-jsf-jee] INFO  o.e.m.c.i.e.AbstractTransferListenerAdapter - Downloading https://repo.maven.apache.org/maven2/org/codehaus/plexus/plexus-compilers/2.2/plexus-compilers-2.2.pom
2022-03-04 19:15:23,060 [Worker-0: Creating weld-jsf-jee] INFO  o.e.m.c.i.e.AbstractTransferListenerAdapter - Downloaded https://repo.maven.apache.org/maven2/org/codehaus/plexus/plexus-compilers/2.2/plexus-compilers-2.2.pom
2022-03-04 19:15:23,189 [Worker-0: Creating weld-jsf-jee] INFO  o.e.m.c.i.e.AbstractTransferListenerAdapter - Downloading https://repo.maven.apache.org/maven2/org/codehaus/plexus/plexus-utils/1.4.5/plexus-utils-1.4.5.pom
2022-03-04 19:15:23,322 [Worker-0: Creating weld-jsf-jee] INFO  o.e.m.c.i.e.AbstractTransferListenerAdapter - Downloaded https://repo.maven.apache.org/maven2/org/codehaus/plexus/plexus-utils/1.4.5/plexus-utils-1.4.5.pom
2022-03-04 19:15:23,460 [Worker-0: Creating weld-jsf-jee] INFO  o.e.m.c.i.e.AbstractTransferListenerAdapter - Downloading https://repo.maven.apache.org/maven2/junit/junit/3.8.2/junit-3.8.2.pom
2022-03-04 19:15:23,593 [Worker-0: Creating weld-jsf-jee] INFO  o.e.m.c.i.e.AbstractTransferListenerAdapter - Downloaded https://repo.maven.apache.org/maven2/junit/junit/3.8.2/junit-3.8.2.pom
2022-03-04 19:15:23,736 [AetherRepositoryConnector-repo.maven.apache.org-0-0] INFO  o.e.m.c.i.e.AbstractTransferListenerAdapter - Downloading https://repo.maven.apache.org/maven2/org/codehaus/plexus/plexus-utils/1.5.1/plexus-utils-1.5.1.jar
2022-03-04 19:15:23,865 [AetherRepositoryConnector-repo.maven.apache.org-0-4] INFO  o.e.m.c.i.e.AbstractTransferListenerAdapter - Downloading https://repo.maven.apache.org/maven2/org/codehaus/plexus/plexus-compiler-javac/2.2/plexus-compiler-javac-2.2.jar
2022-03-04 19:15:23,867 [AetherRepositoryConnector-repo.maven.apache.org-0-3] INFO  o.e.m.c.i.e.AbstractTransferListenerAdapter - Downloading https://repo.maven.apache.org/maven2/org/codehaus/plexus/plexus-compiler-manager/2.2/plexus-compiler-manager-2.2.jar
2022-03-04 19:15:23,872 [AetherRepositoryConnector-repo.maven.apache.org-0-2] INFO  o.e.m.c.i.e.AbstractTransferListenerAdapter - Downloading https://repo.maven.apache.org/maven2/org/codehaus/plexus/plexus-compiler-api/2.2/plexus-compiler-api-2.2.jar
2022-03-04 19:15:23,876 [AetherRepositoryConnector-repo.maven.apache.org-0-1] INFO  o.e.m.c.i.e.AbstractTransferListenerAdapter - Downloading https://repo.maven.apache.org/maven2/org/apache/maven/shared/maven-shared-utils/0.1/maven-shared-utils-0.1.jar
2022-03-04 19:15:23,995 [AetherRepositoryConnector-repo.maven.apache.org-0-4] INFO  o.e.m.c.i.e.AbstractTransferListenerAdapter - Downloaded https://repo.maven.apache.org/maven2/org/codehaus/plexus/plexus-compiler-javac/2.2/plexus-compiler-javac-2.2.jar
2022-03-04 19:15:23,995 [AetherRepositoryConnector-repo.maven.apache.org-0-0] INFO  o.e.m.c.i.e.AbstractTransferListenerAdapter - Downloaded https://repo.maven.apache.org/maven2/org/codehaus/plexus/plexus-utils/1.5.1/plexus-utils-1.5.1.jar
2022-03-04 19:15:23,999 [AetherRepositoryConnector-repo.maven.apache.org-0-3] INFO  o.e.m.c.i.e.AbstractTransferListenerAdapter - Downloaded https://repo.maven.apache.org/maven2/org/codehaus/plexus/plexus-compiler-manager/2.2/plexus-compiler-manager-2.2.jar
2022-03-04 19:15:24,006 [AetherRepositoryConnector-repo.maven.apache.org-0-2] INFO  o.e.m.c.i.e.AbstractTransferListenerAdapter - Downloaded https://repo.maven.apache.org/maven2/org/codehaus/plexus/plexus-compiler-api/2.2/plexus-compiler-api-2.2.jar
2022-03-04 19:15:24,120 [AetherRepositoryConnector-repo.maven.apache.org-0-1] INFO  o.e.m.c.i.e.AbstractTransferListenerAdapter - Downloaded https://repo.maven.apache.org/maven2/org/apache/maven/shared/maven-shared-utils/0.1/maven-shared-utils-0.1.jar
2022-03-04 19:15:24,121 [AetherRepositoryConnector-repo.maven.apache.org-0-0] INFO  o.e.m.c.i.e.AbstractTransferListenerAdapter - Downloading https://repo.maven.apache.org/maven2/org/codehaus/plexus/plexus-classworlds/2.2.2/plexus-classworlds-2.2.2.jar
2022-03-04 19:15:24,130 [AetherRepositoryConnector-repo.maven.apache.org-0-4] INFO  o.e.m.c.i.e.AbstractTransferListenerAdapter - Downloading https://repo.maven.apache.org/maven2/org/codehaus/plexus/plexus-container-default/1.5.5/plexus-container-default-1.5.5.jar
2022-03-04 19:15:24,258 [AetherRepositoryConnector-repo.maven.apache.org-0-3] INFO  o.e.m.c.i.e.AbstractTransferListenerAdapter - Downloading https://repo.maven.apache.org/maven2/org/apache/xbean/xbean-reflect/3.4/xbean-reflect-3.4.jar
2022-03-04 19:15:24,370 [AetherRepositoryConnector-repo.maven.apache.org-0-2] INFO  o.e.m.c.i.e.AbstractTransferListenerAdapter - Downloading https://repo.maven.apache.org/maven2/log4j/log4j/1.2.12/log4j-1.2.12.jar
2022-03-04 19:15:24,612 [AetherRepositoryConnector-repo.maven.apache.org-0-1] INFO  o.e.m.c.i.e.AbstractTransferListenerAdapter - Downloading https://repo.maven.apache.org/maven2/commons-logging/commons-logging-api/1.1/commons-logging-api-1.1.jar
2022-03-04 19:15:24,709 [AetherRepositoryConnector-repo.maven.apache.org-0-0] INFO  o.e.m.c.i.e.AbstractTransferListenerAdapter - Downloaded https://repo.maven.apache.org/maven2/org/codehaus/plexus/plexus-classworlds/2.2.2/plexus-classworlds-2.2.2.jar
2022-03-04 19:15:24,709 [AetherRepositoryConnector-repo.maven.apache.org-0-3] INFO  o.e.m.c.i.e.AbstractTransferListenerAdapter - Downloaded https://repo.maven.apache.org/maven2/org/apache/xbean/xbean-reflect/3.4/xbean-reflect-3.4.jar
2022-03-04 19:15:24,709 [AetherRepositoryConnector-repo.maven.apache.org-0-4] INFO  o.e.m.c.i.e.AbstractTransferListenerAdapter - Downloaded https://repo.maven.apache.org/maven2/org/codehaus/plexus/plexus-container-default/1.5.5/plexus-container-default-1.5.5.jar
2022-03-04 19:15:24,735 [AetherRepositoryConnector-repo.maven.apache.org-0-2] INFO  o.e.m.c.i.e.AbstractTransferListenerAdapter - Downloaded https://repo.maven.apache.org/maven2/log4j/log4j/1.2.12/log4j-1.2.12.jar
2022-03-04 19:15:24,831 [AetherRepositoryConnector-repo.maven.apache.org-0-1] INFO  o.e.m.c.i.e.AbstractTransferListenerAdapter - Downloaded https://repo.maven.apache.org/maven2/commons-logging/commons-logging-api/1.1/commons-logging-api-1.1.jar
2022-03-04 19:15:24,857 [AetherRepositoryConnector-repo.maven.apache.org-0-4] INFO  o.e.m.c.i.e.AbstractTransferListenerAdapter - Downloading https://repo.maven.apache.org/maven2/junit/junit/3.8.2/junit-3.8.2.jar
2022-03-04 19:15:24,881 [AetherRepositoryConnector-repo.maven.apache.org-0-0] INFO  o.e.m.c.i.e.AbstractTransferListenerAdapter - Downloading https://repo.maven.apache.org/maven2/com/google/collections/google-collections/1.0/google-collections-1.0.jar
2022-03-04 19:15:25,348 [AetherRepositoryConnector-repo.maven.apache.org-0-4] INFO  o.e.m.c.i.e.AbstractTransferListenerAdapter - Downloaded https://repo.maven.apache.org/maven2/junit/junit/3.8.2/junit-3.8.2.jar
2022-03-04 19:15:25,473 [AetherRepositoryConnector-repo.maven.apache.org-0-0] INFO  o.e.m.c.i.e.AbstractTransferListenerAdapter - Downloaded https://repo.maven.apache.org/maven2/com/google/collections/google-collections/1.0/google-collections-1.0.jar
2022-03-04 19:15:25,562 [Worker-0: Creating weld-jsf-jee] INFO  o.e.m.c.i.l.LifecycleMappingFactory - Using org.eclipse.m2e.jdt.JarLifecycleMapping lifecycle mapping for MavenProject: eteczl:weld-jee:1.0.0-SNAPSHOT @ C:\Users\Admin\eclipse-workspace\weld-jee\pom.xml.
2022-03-04 19:15:25,954 [Worker-0: Creating weld-jsf-jee] INFO  o.e.m.c.i.e.AbstractTransferListenerAdapter - Downloading http://repository.jboss.org/maven2/org/jboss/interceptor/jboss-interceptor-api/1.1/jboss-interceptor-api-1.1.pom
2022-03-04 19:15:26,328 [Worker-0: Creating weld-jsf-jee] INFO  o.e.m.c.i.e.AbstractTransferListenerAdapter - Downloaded http://repository.jboss.org/maven2/org/jboss/interceptor/jboss-interceptor-api/1.1/jboss-interceptor-api-1.1.pom
2022-03-04 19:15:26,690 [Worker-0: Creating weld-jsf-jee] INFO  o.e.m.c.i.e.AbstractTransferListenerAdapter - Downloading http://repository.jboss.org/maven2/org/jboss/jboss-parent/4/jboss-parent-4.pom
2022-03-04 19:15:27,057 [Worker-0: Creating weld-jsf-jee] INFO  o.e.m.c.i.e.AbstractTransferListenerAdapter - Downloaded http://repository.jboss.org/maven2/org/jboss/jboss-parent/4/jboss-parent-4.pom
2022-03-04 19:15:27,421 [Worker-0: Creating weld-jsf-jee] INFO  o.e.m.c.i.e.AbstractTransferListenerAdapter - Downloading http://repository.jboss.org/maven2/org/jboss/ejb3/jboss-ejb3-api/3.1.0/jboss-ejb3-api-3.1.0.pom
2022-03-04 19:15:27,807 [Worker-0: Creating weld-jsf-jee] INFO  o.e.m.c.i.e.AbstractTransferListenerAdapter - Downloaded http://repository.jboss.org/maven2/org/jboss/ejb3/jboss-ejb3-api/3.1.0/jboss-ejb3-api-3.1.0.pom
2022-03-04 19:15:28,168 [Worker-0: Creating weld-jsf-jee] INFO  o.e.m.c.i.e.AbstractTransferListenerAdapter - Downloading http://repository.jboss.org/maven2/org/jboss/ejb3/jboss-ejb3-build/1.0.0-Beta9/jboss-ejb3-build-1.0.0-Beta9.pom
2022-03-04 19:15:28,536 [Worker-0: Creating weld-jsf-jee] INFO  o.e.m.c.i.e.AbstractTransferListenerAdapter - Downloaded http://repository.jboss.org/maven2/org/jboss/ejb3/jboss-ejb3-build/1.0.0-Beta9/jboss-ejb3-build-1.0.0-Beta9.pom
2022-03-04 19:15:28,918 [Worker-0: Creating weld-jsf-jee] INFO  o.e.m.c.i.e.AbstractTransferListenerAdapter - Downloading http://repository.jboss.org/maven2/org/jboss/jboss-parent/3/jboss-parent-3.pom
2022-03-04 19:15:29,283 [Worker-0: Creating weld-jsf-jee] INFO  o.e.m.c.i.e.AbstractTransferListenerAdapter - Downloaded http://repository.jboss.org/maven2/org/jboss/jboss-parent/3/jboss-parent-3.pom
2022-03-04 19:15:29,682 [Worker-0: Creating weld-jsf-jee] INFO  o.e.m.c.i.e.AbstractTransferListenerAdapter - Downloading http://repository.jboss.org/maven2/javax/validation/validation-api/1.0.0.GA/validation-api-1.0.0.GA.pom
2022-03-04 19:15:30,051 [Worker-0: Creating weld-jsf-jee] INFO  o.e.m.c.i.e.AbstractTransferListenerAdapter - Downloaded http://repository.jboss.org/maven2/javax/validation/validation-api/1.0.0.GA/validation-api-1.0.0.GA.pom
2022-03-04 19:15:30,514 [Worker-0: Creating weld-jsf-jee] INFO  o.e.m.c.i.e.AbstractTransferListenerAdapter - Downloading http://repository.jboss.org/maven2/org/hibernate/hibernate-validator/4.0.0.GA/hibernate-validator-4.0.0.GA.pom
2022-03-04 19:15:30,876 [Worker-0: Creating weld-jsf-jee] INFO  o.e.m.c.i.e.AbstractTransferListenerAdapter - Downloaded http://repository.jboss.org/maven2/org/hibernate/hibernate-validator/4.0.0.GA/hibernate-validator-4.0.0.GA.pom
2022-03-04 19:15:31,257 [Worker-0: Creating weld-jsf-jee] INFO  o.e.m.c.i.e.AbstractTransferListenerAdapter - Downloading http://repository.jboss.org/maven2/org/hibernate/hibernate-validator-parent/4.0.0.GA/hibernate-validator-parent-4.0.0.GA.pom
2022-03-04 19:15:31,620 [Worker-0: Creating weld-jsf-jee] INFO  o.e.m.c.i.e.AbstractTransferListenerAdapter - Downloaded http://repository.jboss.org/maven2/org/hibernate/hibernate-validator-parent/4.0.0.GA/hibernate-validator-parent-4.0.0.GA.pom
2022-03-04 19:15:31,987 [Worker-0: Creating weld-jsf-jee] INFO  o.e.m.c.i.e.AbstractTransferListenerAdapter - Downloaded http://repository.jboss.org/maven2/org/slf4j/slf4j-api/1.5.9.RC1/slf4j-api-1.5.9.RC1.pom
2022-03-04 19:15:32,112 [Worker-0: Creating weld-jsf-jee] INFO  o.e.m.c.i.e.AbstractTransferListenerAdapter - Downloading https://repo.maven.apache.org/maven2/org/slf4j/slf4j-api/1.5.9.RC1/slf4j-api-1.5.9.RC1.pom
2022-03-04 19:15:32,239 [Worker-0: Creating weld-jsf-jee] INFO  o.e.m.c.i.e.AbstractTransferListenerAdapter - Downloaded https://repo.maven.apache.org/maven2/org/slf4j/slf4j-api/1.5.9.RC1/slf4j-api-1.5.9.RC1.pom
2022-03-04 19:15:32,599 [Worker-0: Creating weld-jsf-jee] INFO  o.e.m.c.i.e.AbstractTransferListenerAdapter - Downloaded http://repository.jboss.org/maven2/org/slf4j/slf4j-parent/1.5.9.RC1/slf4j-parent-1.5.9.RC1.pom
2022-03-04 19:15:32,725 [Worker-0: Creating weld-jsf-jee] INFO  o.e.m.c.i.e.AbstractTransferListenerAdapter - Downloading https://repo.maven.apache.org/maven2/org/slf4j/slf4j-parent/1.5.9.RC1/slf4j-parent-1.5.9.RC1.pom
2022-03-04 19:15:32,857 [Worker-0: Creating weld-jsf-jee] INFO  o.e.m.c.i.e.AbstractTransferListenerAdapter - Downloaded https://repo.maven.apache.org/maven2/org/slf4j/slf4j-parent/1.5.9.RC1/slf4j-parent-1.5.9.RC1.pom
2022-03-04 19:15:33,219 [Worker-0: Creating weld-jsf-jee] INFO  o.e.m.c.i.e.AbstractTransferListenerAdapter - Downloading http://repository.jboss.org/maven2/javax/xml/bind/jaxb-api/2.1/jaxb-api-2.1.pom
2022-03-04 19:15:33,587 [Worker-0: Creating weld-jsf-jee] INFO  o.e.m.c.i.e.AbstractTransferListenerAdapter - Downloaded http://repository.jboss.org/maven2/javax/xml/bind/jaxb-api/2.1/jaxb-api-2.1.pom
2022-03-04 19:15:33,948 [Worker-0: Creating weld-jsf-jee] INFO  o.e.m.c.i.e.AbstractTransferListenerAdapter - Downloading http://repository.jboss.org/maven2/javax/xml/stream/stax-api/1.0-2/stax-api-1.0-2.pom
2022-03-04 19:15:34,315 [Worker-0: Creating weld-jsf-jee] INFO  o.e.m.c.i.e.AbstractTransferListenerAdapter - Downloaded http://repository.jboss.org/maven2/javax/xml/stream/stax-api/1.0-2/stax-api-1.0-2.pom
2022-03-04 19:15:34,677 [Worker-0: Creating weld-jsf-jee] INFO  o.e.m.c.i.e.AbstractTransferListenerAdapter - Downloading http://repository.jboss.org/maven2/javax/activation/activation/1.1/activation-1.1.pom
2022-03-04 19:15:35,044 [Worker-0: Creating weld-jsf-jee] INFO  o.e.m.c.i.e.AbstractTransferListenerAdapter - Downloaded http://repository.jboss.org/maven2/javax/activation/activation/1.1/activation-1.1.pom
2022-03-04 19:15:35,412 [Worker-0: Creating weld-jsf-jee] INFO  o.e.m.c.i.e.AbstractTransferListenerAdapter - Downloaded http://repository.jboss.org/maven2/com/sun/xml/bind/jaxb-impl/2.1.3/jaxb-impl-2.1.3.pom
2022-03-04 19:15:35,568 [Worker-0: Creating weld-jsf-jee] INFO  o.e.m.c.i.e.AbstractTransferListenerAdapter - Downloading https://repo.maven.apache.org/maven2/com/sun/xml/bind/jaxb-impl/2.1.3/jaxb-impl-2.1.3.pom
2022-03-04 19:15:35,697 [Worker-0: Creating weld-jsf-jee] INFO  o.e.m.c.i.e.AbstractTransferListenerAdapter - Downloaded https://repo.maven.apache.org/maven2/com/sun/xml/bind/jaxb-impl/2.1.3/jaxb-impl-2.1.3.pom
2022-03-04 19:15:36,072 [Worker-0: Creating weld-jsf-jee] INFO  o.e.m.c.i.e.AbstractTransferListenerAdapter - Downloading http://repository.jboss.org/maven2/javax/faces/jsf-api/2.0.0-RC/jsf-api-2.0.0-RC.pom
2022-03-04 19:15:36,438 [Worker-0: Creating weld-jsf-jee] INFO  o.e.m.c.i.e.AbstractTransferListenerAdapter - Downloaded http://repository.jboss.org/maven2/javax/faces/jsf-api/2.0.0-RC/jsf-api-2.0.0-RC.pom
2022-03-04 19:15:36,798 [Worker-0: Creating weld-jsf-jee] INFO  o.e.m.c.i.e.AbstractTransferListenerAdapter - Downloading http://repository.jboss.org/maven2/javax/persistence/persistence-api/1.0/persistence-api-1.0.pom
2022-03-04 19:15:37,164 [Worker-0: Creating weld-jsf-jee] INFO  o.e.m.c.i.e.AbstractTransferListenerAdapter - Downloaded http://repository.jboss.org/maven2/javax/persistence/persistence-api/1.0/persistence-api-1.0.pom
2022-03-04 19:15:37,524 [Worker-0: Creating weld-jsf-jee] INFO  o.e.m.c.i.e.AbstractTransferListenerAdapter - Downloaded http://repository.jboss.org/maven2/org/testng/testng/5.10/testng-5.10.pom
2022-03-04 19:15:37,647 [Worker-0: Creating weld-jsf-jee] INFO  o.e.m.c.i.e.AbstractTransferListenerAdapter - Downloading https://repo.maven.apache.org/maven2/org/testng/testng/5.10/testng-5.10.pom
2022-03-04 19:15:37,804 [Worker-0: Creating weld-jsf-jee] INFO  o.e.m.c.i.e.AbstractTransferListenerAdapter - Downloaded https://repo.maven.apache.org/maven2/org/testng/testng/5.10/testng-5.10.pom
2022-03-04 19:15:38,179 [Worker-0: Creating weld-jsf-jee] INFO  o.e.m.c.i.e.AbstractTransferListenerAdapter - Downloading http://repository.jboss.org/maven2/org/glassfish/web/el-impl/2.1.2-b04/el-impl-2.1.2-b04.pom
2022-03-04 19:15:38,545 [Worker-0: Creating weld-jsf-jee] INFO  o.e.m.c.i.e.AbstractTransferListenerAdapter - Downloaded http://repository.jboss.org/maven2/org/glassfish/web/el-impl/2.1.2-b04/el-impl-2.1.2-b04.pom
2022-03-04 19:15:38,922 [Worker-0: Creating weld-jsf-jee] INFO  o.e.m.c.i.e.AbstractTransferListenerAdapter - Downloading http://repository.jboss.org/maven2/org/glassfish/web/el/2.1.2-b04/el-2.1.2-b04.pom
2022-03-04 19:15:39,282 [Worker-0: Creating weld-jsf-jee] INFO  o.e.m.c.i.e.AbstractTransferListenerAdapter - Downloaded http://repository.jboss.org/maven2/org/glassfish/web/el/2.1.2-b04/el-2.1.2-b04.pom
2022-03-04 19:15:39,656 [AetherRepositoryConnector-repository.jboss.org-1-0] INFO  o.e.m.c.i.e.AbstractTransferListenerAdapter - Downloading http://repository.jboss.org/maven2/org/jboss/interceptor/jboss-interceptor-api/1.1/jboss-interceptor-api-1.1.jar
2022-03-04 19:15:39,841 [AetherRepositoryConnector-repository.jboss.org-1-1] INFO  o.e.m.c.i.e.AbstractTransferListenerAdapter - Downloading http://repository.jboss.org/maven2/org/jboss/ejb3/jboss-ejb3-api/3.1.0/jboss-ejb3-api-3.1.0.jar
2022-03-04 19:15:40,202 [AetherRepositoryConnector-repository.jboss.org-1-4] INFO  o.e.m.c.i.e.AbstractTransferListenerAdapter - Downloaded http://repository.jboss.org/maven2/org/slf4j/slf4j-api/1.5.9.RC1/slf4j-api-1.5.9.RC1.jar
2022-03-04 19:15:40,203 [AetherRepositoryConnector-repository.jboss.org-1-2] INFO  o.e.m.c.i.e.AbstractTransferListenerAdapter - Downloading http://repository.jboss.org/maven2/javax/validation/validation-api/1.0.0.GA/validation-api-1.0.0.GA.jar
2022-03-04 19:15:40,216 [AetherRepositoryConnector-repository.jboss.org-1-3] INFO  o.e.m.c.i.e.AbstractTransferListenerAdapter - Downloading http://repository.jboss.org/maven2/org/hibernate/hibernate-validator/4.0.0.GA/hibernate-validator-4.0.0.GA.jar
2022-03-04 19:15:40,251 [AetherRepositoryConnector-repository.jboss.org-1-1] INFO  o.e.m.c.i.e.AbstractTransferListenerAdapter - Downloaded http://repository.jboss.org/maven2/org/jboss/ejb3/jboss-ejb3-api/3.1.0/jboss-ejb3-api-3.1.0.jar
2022-03-04 19:15:40,410 [AetherRepositoryConnector-repository.jboss.org-1-0] INFO  o.e.m.c.i.e.AbstractTransferListenerAdapter - Downloaded http://repository.jboss.org/maven2/org/jboss/interceptor/jboss-interceptor-api/1.1/jboss-interceptor-api-1.1.jar
2022-03-04 19:15:40,563 [AetherRepositoryConnector-repository.jboss.org-1-4] INFO  o.e.m.c.i.e.AbstractTransferListenerAdapter - Downloading http://repository.jboss.org/maven2/javax/xml/bind/jaxb-api/2.1/jaxb-api-2.1.jar
2022-03-04 19:15:40,615 [AetherRepositoryConnector-repository.jboss.org-1-1] INFO  o.e.m.c.i.e.AbstractTransferListenerAdapter - Downloading http://repository.jboss.org/maven2/javax/xml/stream/stax-api/1.0-2/stax-api-1.0-2.jar
2022-03-04 19:15:40,767 [AetherRepositoryConnector-repository.jboss.org-1-0] INFO  o.e.m.c.i.e.AbstractTransferListenerAdapter - Downloading http://repository.jboss.org/maven2/javax/activation/activation/1.1/activation-1.1.jar
2022-03-04 19:15:40,948 [AetherRepositoryConnector-repository.jboss.org-1-2] INFO  o.e.m.c.i.e.AbstractTransferListenerAdapter - Downloaded http://repository.jboss.org/maven2/javax/validation/validation-api/1.0.0.GA/validation-api-1.0.0.GA.jar
2022-03-04 19:15:40,948 [AetherRepositoryConnector-repository.jboss.org-1-4] INFO  o.e.m.c.i.e.AbstractTransferListenerAdapter - Downloaded http://repository.jboss.org/maven2/javax/xml/bind/jaxb-api/2.1/jaxb-api-2.1.jar
2022-03-04 19:15:41,133 [AetherRepositoryConnector-repository.jboss.org-1-0] INFO  o.e.m.c.i.e.AbstractTransferListenerAdapter - Downloaded http://repository.jboss.org/maven2/javax/activation/activation/1.1/activation-1.1.jar
2022-03-04 19:15:41,159 [AetherRepositoryConnector-repository.jboss.org-1-1] INFO  o.e.m.c.i.e.AbstractTransferListenerAdapter - Downloaded http://repository.jboss.org/maven2/javax/xml/stream/stax-api/1.0-2/stax-api-1.0-2.jar
2022-03-04 19:15:41,329 [AetherRepositoryConnector-repository.jboss.org-1-2] INFO  o.e.m.c.i.e.AbstractTransferListenerAdapter - Downloading http://repository.jboss.org/maven2/javax/faces/jsf-api/2.0.0-RC/jsf-api-2.0.0-RC.jar
2022-03-04 19:15:41,490 [AetherRepositoryConnector-repository.jboss.org-1-4] INFO  o.e.m.c.i.e.AbstractTransferListenerAdapter - Downloaded http://repository.jboss.org/maven2/com/sun/xml/bind/jaxb-impl/2.1.3/jaxb-impl-2.1.3.jar
2022-03-04 19:15:41,498 [AetherRepositoryConnector-repository.jboss.org-1-0] INFO  o.e.m.c.i.e.AbstractTransferListenerAdapter - Downloading http://repository.jboss.org/maven2/javax/persistence/persistence-api/1.0/persistence-api-1.0.jar
2022-03-04 19:15:41,525 [AetherRepositoryConnector-repository.jboss.org-1-1] INFO  o.e.m.c.i.e.AbstractTransferListenerAdapter - Downloaded http://repository.jboss.org/maven2/org/testng/testng/5.10/testng-5.10-jdk15.jar
2022-03-04 19:15:41,697 [AetherRepositoryConnector-repository.jboss.org-1-3] INFO  o.e.m.c.i.e.AbstractTransferListenerAdapter - Downloaded http://repository.jboss.org/maven2/org/hibernate/hibernate-validator/4.0.0.GA/hibernate-validator-4.0.0.GA.jar
2022-03-04 19:15:41,864 [AetherRepositoryConnector-repository.jboss.org-1-4] INFO  o.e.m.c.i.e.AbstractTransferListenerAdapter - Downloading http://repository.jboss.org/maven2/org/glassfish/web/el-impl/2.1.2-b04/el-impl-2.1.2-b04.jar
2022-03-04 19:15:42,216 [AetherRepositoryConnector-repository.jboss.org-1-0] INFO  o.e.m.c.i.e.AbstractTransferListenerAdapter - Downloaded http://repository.jboss.org/maven2/javax/persistence/persistence-api/1.0/persistence-api-1.0.jar
2022-03-04 19:15:42,431 [AetherRepositoryConnector-repository.jboss.org-1-4] INFO  o.e.m.c.i.e.AbstractTransferListenerAdapter - Downloaded http://repository.jboss.org/maven2/org/glassfish/web/el-impl/2.1.2-b04/el-impl-2.1.2-b04.jar
2022-03-04 19:15:42,765 [AetherRepositoryConnector-repository.jboss.org-1-2] INFO  o.e.m.c.i.e.AbstractTransferListenerAdapter - Downloaded http://repository.jboss.org/maven2/javax/faces/jsf-api/2.0.0-RC/jsf-api-2.0.0-RC.jar
2022-03-04 19:15:42,914 [AetherRepositoryConnector-repo.maven.apache.org-2-1] INFO  o.e.m.c.i.e.AbstractTransferListenerAdapter - Downloading https://repo.maven.apache.org/maven2/com/sun/xml/bind/jaxb-impl/2.1.3/jaxb-impl-2.1.3.jar
2022-03-04 19:15:43,083 [AetherRepositoryConnector-repo.maven.apache.org-2-2] INFO  o.e.m.c.i.e.AbstractTransferListenerAdapter - Downloading https://repo.maven.apache.org/maven2/org/testng/testng/5.10/testng-5.10-jdk15.jar
2022-03-04 19:15:43,083 [AetherRepositoryConnector-repo.maven.apache.org-2-0] INFO  o.e.m.c.i.e.AbstractTransferListenerAdapter - Downloading https://repo.maven.apache.org/maven2/org/slf4j/slf4j-api/1.5.9.RC1/slf4j-api-1.5.9.RC1.jar
2022-03-04 19:15:43,743 [AetherRepositoryConnector-repo.maven.apache.org-2-0] INFO  o.e.m.c.i.e.AbstractTransferListenerAdapter - Downloaded https://repo.maven.apache.org/maven2/org/slf4j/slf4j-api/1.5.9.RC1/slf4j-api-1.5.9.RC1.jar
2022-03-04 19:15:44,327 [AetherRepositoryConnector-repo.maven.apache.org-2-1] INFO  o.e.m.c.i.e.AbstractTransferListenerAdapter - Downloaded https://repo.maven.apache.org/maven2/com/sun/xml/bind/jaxb-impl/2.1.3/jaxb-impl-2.1.3.jar
2022-03-04 19:15:44,452 [AetherRepositoryConnector-repo.maven.apache.org-2-2] INFO  o.e.m.c.i.e.AbstractTransferListenerAdapter - Downloaded https://repo.maven.apache.org/maven2/org/testng/testng/5.10/testng-5.10-jdk15.jar
2022-03-04 19:15:44,688 [Worker-0: Creating weld-jsf-jee] INFO  o.e.m.c.i.e.AbstractTransferListenerAdapter - Downloading https://repo.maven.apache.org/maven2/org/apache/maven/plugins/maven-resources-plugin/2.6/maven-resources-plugin-2.6.pom
2022-03-04 19:15:44,813 [Worker-0: Creating weld-jsf-jee] INFO  o.e.m.c.i.e.AbstractTransferListenerAdapter - Downloaded https://repo.maven.apache.org/maven2/org/apache/maven/plugins/maven-resources-plugin/2.6/maven-resources-plugin-2.6.pom
2022-03-04 19:15:44,966 [Worker-0: Creating weld-jsf-jee] INFO  o.e.m.c.i.e.AbstractTransferListenerAdapter - Downloading https://repo.maven.apache.org/maven2/org/apache/maven/shared/maven-filtering/1.1/maven-filtering-1.1.pom
2022-03-04 19:15:45,092 [Worker-0: Creating weld-jsf-jee] INFO  o.e.m.c.i.e.AbstractTransferListenerAdapter - Downloaded https://repo.maven.apache.org/maven2/org/apache/maven/shared/maven-filtering/1.1/maven-filtering-1.1.pom
2022-03-04 19:15:45,221 [Worker-0: Creating weld-jsf-jee] INFO  o.e.m.c.i.e.AbstractTransferListenerAdapter - Downloading https://repo.maven.apache.org/maven2/org/codehaus/plexus/plexus-interpolation/1.12/plexus-interpolation-1.12.pom
2022-03-04 19:15:45,354 [Worker-0: Creating weld-jsf-jee] INFO  o.e.m.c.i.e.AbstractTransferListenerAdapter - Downloaded https://repo.maven.apache.org/maven2/org/codehaus/plexus/plexus-interpolation/1.12/plexus-interpolation-1.12.pom
2022-03-04 19:15:45,479 [Worker-0: Creating weld-jsf-jee] INFO  o.e.m.c.i.e.AbstractTransferListenerAdapter - Downloading https://repo.maven.apache.org/maven2/org/sonatype/plexus/plexus-build-api/0.0.4/plexus-build-api-0.0.4.pom
2022-03-04 19:15:45,603 [Worker-0: Creating weld-jsf-jee] INFO  o.e.m.c.i.e.AbstractTransferListenerAdapter - Downloaded https://repo.maven.apache.org/maven2/org/sonatype/plexus/plexus-build-api/0.0.4/plexus-build-api-0.0.4.pom
2022-03-04 19:15:45,729 [Worker-0: Creating weld-jsf-jee] INFO  o.e.m.c.i.e.AbstractTransferListenerAdapter - Downloading https://repo.maven.apache.org/maven2/org/sonatype/spice/spice-parent/10/spice-parent-10.pom
2022-03-04 19:15:45,855 [Worker-0: Creating weld-jsf-jee] INFO  o.e.m.c.i.e.AbstractTransferListenerAdapter - Downloaded https://repo.maven.apache.org/maven2/org/sonatype/spice/spice-parent/10/spice-parent-10.pom
2022-03-04 19:15:45,980 [Worker-0: Creating weld-jsf-jee] INFO  o.e.m.c.i.e.AbstractTransferListenerAdapter - Downloading https://repo.maven.apache.org/maven2/org/sonatype/forge/forge-parent/3/forge-parent-3.pom
2022-03-04 19:15:46,190 [Worker-0: Creating weld-jsf-jee] INFO  o.e.m.c.i.e.AbstractTransferListenerAdapter - Downloaded https://repo.maven.apache.org/maven2/org/sonatype/forge/forge-parent/3/forge-parent-3.pom
2022-03-04 19:15:46,326 [Worker-0: Creating weld-jsf-jee] INFO  o.e.m.c.i.e.AbstractTransferListenerAdapter - Downloading https://repo.maven.apache.org/maven2/org/codehaus/plexus/plexus-interpolation/1.13/plexus-interpolation-1.13.pom
2022-03-04 19:15:46,450 [Worker-0: Creating weld-jsf-jee] INFO  o.e.m.c.i.e.AbstractTransferListenerAdapter - Downloaded https://repo.maven.apache.org/maven2/org/codehaus/plexus/plexus-interpolation/1.13/plexus-interpolation-1.13.pom
2022-03-04 19:15:46,586 [AetherRepositoryConnector-repo.maven.apache.org-3-0] INFO  o.e.m.c.i.e.AbstractTransferListenerAdapter - Downloading https://repo.maven.apache.org/maven2/org/apache/maven/reporting/maven-reporting-api/2.0.6/maven-reporting-api-2.0.6.jar
2022-03-04 19:15:46,593 [AetherRepositoryConnector-repo.maven.apache.org-3-1] INFO  o.e.m.c.i.e.AbstractTransferListenerAdapter - Downloading https://repo.maven.apache.org/maven2/org/apache/maven/shared/maven-filtering/1.1/maven-filtering-1.1.jar
2022-03-04 19:15:46,601 [AetherRepositoryConnector-repo.maven.apache.org-3-3] INFO  o.e.m.c.i.e.AbstractTransferListenerAdapter - Downloading https://repo.maven.apache.org/maven2/org/codehaus/plexus/plexus-interpolation/1.13/plexus-interpolation-1.13.jar
2022-03-04 19:15:46,601 [AetherRepositoryConnector-repo.maven.apache.org-3-2] INFO  o.e.m.c.i.e.AbstractTransferListenerAdapter - Downloading https://repo.maven.apache.org/maven2/org/sonatype/plexus/plexus-build-api/0.0.4/plexus-build-api-0.0.4.jar
2022-03-04 19:15:46,712 [AetherRepositoryConnector-repo.maven.apache.org-3-0] INFO  o.e.m.c.i.e.AbstractTransferListenerAdapter - Downloaded https://repo.maven.apache.org/maven2/org/apache/maven/reporting/maven-reporting-api/2.0.6/maven-reporting-api-2.0.6.jar
2022-03-04 19:15:46,723 [AetherRepositoryConnector-repo.maven.apache.org-3-1] INFO  o.e.m.c.i.e.AbstractTransferListenerAdapter - Downloaded https://repo.maven.apache.org/maven2/org/apache/maven/shared/maven-filtering/1.1/maven-filtering-1.1.jar
2022-03-04 19:15:46,726 [AetherRepositoryConnector-repo.maven.apache.org-3-2] INFO  o.e.m.c.i.e.AbstractTransferListenerAdapter - Downloaded https://repo.maven.apache.org/maven2/org/sonatype/plexus/plexus-build-api/0.0.4/plexus-build-api-0.0.4.jar
2022-03-04 19:15:46,735 [AetherRepositoryConnector-repo.maven.apache.org-3-3] INFO  o.e.m.c.i.e.AbstractTransferListenerAdapter - Downloaded https://repo.maven.apache.org/maven2/org/codehaus/plexus/plexus-interpolation/1.13/plexus-interpolation-1.13.jar
2022-03-04 19:15:46,781 [Worker-0: Creating weld-jsf-jee] INFO  o.e.m.j.i.AbstractJavaProjectConfigurator - Adding source folder /weld-jee/src/main/java
2022-03-04 19:15:46,782 [Worker-0: Creating weld-jsf-jee] INFO  o.e.m.j.i.AbstractJavaProjectConfigurator - Adding resource folder /weld-jee/src/main/resources
2022-03-04 19:15:46,788 [Worker-0: Creating weld-jsf-jee] INFO  o.e.m.j.i.AbstractJavaProjectConfigurator - Adding source folder /weld-jee/src/test/java
2022-03-04 19:15:46,788 [Worker-0: Creating weld-jsf-jee] INFO  o.e.m.j.i.AbstractJavaProjectConfigurator - Adding resource folder /weld-jee/src/test/resources
2022-03-04 19:15:46,937 [Worker-0: Creating weld-jsf-jee] INFO  o.e.m.c.i.p.ProjectConfigurationManager - Imported and configured 1 project(s) in 34 sec
2022-03-04 19:15:48,363 [Worker-0: Building] INFO  o.e.m.c.i.embedder.EclipseLogger - Using 'UTF-8' encoding to copy filtered resources.
2022-03-04 19:15:48,365 [Worker-0: Building] INFO  o.e.m.c.i.embedder.EclipseLogger - Copying 2 resources
2022-03-04 19:15:48,377 [Worker-0: Building] INFO  o.e.m.c.i.embedder.EclipseLogger - Using 'UTF-8' encoding to copy filtered resources.
2022-03-04 19:15:48,378 [Worker-0: Building] INFO  o.e.m.c.i.embedder.EclipseLogger - Copying 0 resource
2022-03-04 19:16:25,395 [Worker-30: Launching Executing install in C__Users_Admin_eclipse-workspace_weld-jee] INFO  o.e.m.i.launch.MavenLaunchDelegate - C:\Users\Admin\eclipse-workspace\weld-jee
2022-03-04 19:16:25,923 [Worker-30: Launching Executing install in C__Users_Admin_eclipse-workspace_weld-jee] INFO  o.e.m.i.launch.MavenLaunchDelegate -  mvn -B install
2022-03-04 19:16:30,762 [Worker-30: Building] INFO  o.e.m.c.i.embedder.EclipseLogger - Using 'UTF-8' encoding to copy filtered resources.
2022-03-04 19:16:30,763 [Worker-30: Building] INFO  o.e.m.c.i.embedder.EclipseLogger - Copying 0 resource
2022-03-04 19:16:30,765 [Worker-30: Building] INFO  o.e.m.c.i.embedder.EclipseLogger - Using 'UTF-8' encoding to copy filtered resources.
2022-03-04 19:16:30,765 [Worker-30: Building] INFO  o.e.m.c.i.embedder.EclipseLogger - Copying 0 resource
2022-03-04 19:26:23,284 [ModalContext] INFO  o.e.m.c.i.e.AbstractTransferListenerAdapter - Downloading https://repo1.maven.org/maven2/com/liferay/maven/archetypes/liferay-web-archetype/7.0.0-m2/liferay-web-archetype-7.0.0-m2.jar
2022-03-04 19:26:23,455 [ModalContext] INFO  o.e.m.c.i.e.AbstractTransferListenerAdapter - Downloaded https://repo1.maven.org/maven2/com/liferay/maven/archetypes/liferay-web-archetype/7.0.0-m2/liferay-web-archetype-7.0.0-m2.jar
2022-03-04 19:26:23,606 [ModalContext] INFO  o.e.m.c.i.e.AbstractTransferListenerAdapter - Downloading https://repo1.maven.org/maven2/com/liferay/maven/archetypes/liferay-web-archetype/7.0.0-m2/liferay-web-archetype-7.0.0-m2.pom
2022-03-04 19:26:23,763 [ModalContext] INFO  o.e.m.c.i.e.AbstractTransferListenerAdapter - Downloaded https://repo1.maven.org/maven2/com/liferay/maven/archetypes/liferay-web-archetype/7.0.0-m2/liferay-web-archetype-7.0.0-m2.pom
2022-03-04 19:28:26,307 [Worker-31: Creating liferay-web-archetype] INFO  o.e.m.c.i.p.ProjectConfigurationManager - Collecting project info '/pom.xml' C:\Users\Admin\eclipse-workspace\liferaytest\pom.xml
2022-03-04 19:28:26,356 [Worker-31: Creating liferay-web-archetype] INFO  o.e.m.c.i.l.LifecycleMappingFactory - Using org.eclipse.m2e.jdt.JarLifecycleMapping lifecycle mapping for MavenProject: eteczl:liferaytest:0.0.1-SNAPSHOT @ C:\Users\Admin\eclipse-workspace\liferaytest\pom.xml.
2022-03-04 19:28:26,808 [Worker-31: Creating liferay-web-archetype] INFO  o.e.m.c.i.e.AbstractTransferListenerAdapter - Downloaded https://repo.maven.apache.org/maven2/com/liferay/portal/portal-service/${liferay.version}/portal-service-${liferay.version}.pom
2022-03-04 19:28:26,809 [Worker-31: Creating liferay-web-archetype] WARN  o.e.m.c.i.embedder.EclipseLogger - The POM for com.liferay.portal:portal-service:jar:${liferay.version} is missing, no dependency information available
2022-03-04 19:28:26,984 [Worker-31: Creating liferay-web-archetype] INFO  o.e.m.c.i.e.AbstractTransferListenerAdapter - Downloaded https://repo.maven.apache.org/maven2/com/liferay/portal/util-java/${liferay.version}/util-java-${liferay.version}.pom
2022-03-04 19:28:26,985 [Worker-31: Creating liferay-web-archetype] WARN  o.e.m.c.i.embedder.EclipseLogger - The POM for com.liferay.portal:util-java:jar:${liferay.version} is missing, no dependency information available
2022-03-04 19:28:27,120 [Worker-31: Creating liferay-web-archetype] INFO  o.e.m.c.i.e.AbstractTransferListenerAdapter - Downloading https://repo.maven.apache.org/maven2/javax/portlet/portlet-api/2.0/portlet-api-2.0.pom
2022-03-04 19:28:27,282 [Worker-31: Creating liferay-web-archetype] INFO  o.e.m.c.i.e.AbstractTransferListenerAdapter - Downloaded https://repo.maven.apache.org/maven2/javax/portlet/portlet-api/2.0/portlet-api-2.0.pom
2022-03-04 19:28:27,490 [Worker-31: Creating liferay-web-archetype] INFO  o.e.m.c.i.e.AbstractTransferListenerAdapter - Downloading https://repo.maven.apache.org/maven2/javax/servlet/servlet-api/2.4/servlet-api-2.4.pom
2022-03-04 19:28:27,634 [Worker-31: Creating liferay-web-archetype] INFO  o.e.m.c.i.e.AbstractTransferListenerAdapter - Downloaded https://repo.maven.apache.org/maven2/javax/servlet/servlet-api/2.4/servlet-api-2.4.pom
2022-03-04 19:28:27,768 [Worker-31: Creating liferay-web-archetype] INFO  o.e.m.c.i.e.AbstractTransferListenerAdapter - Downloading https://repo.maven.apache.org/maven2/javax/servlet/jsp/jsp-api/2.0/jsp-api-2.0.pom
2022-03-04 19:28:27,902 [Worker-31: Creating liferay-web-archetype] INFO  o.e.m.c.i.e.AbstractTransferListenerAdapter - Downloaded https://repo.maven.apache.org/maven2/javax/servlet/jsp/jsp-api/2.0/jsp-api-2.0.pom
2022-03-04 19:28:28,048 [AetherRepositoryConnector-repo.maven.apache.org-4-2] INFO  o.e.m.c.i.e.AbstractTransferListenerAdapter - Downloading https://repo.maven.apache.org/maven2/javax/portlet/portlet-api/2.0/portlet-api-2.0.jar
2022-03-04 19:28:28,190 [AetherRepositoryConnector-repo.maven.apache.org-4-4] INFO  o.e.m.c.i.e.AbstractTransferListenerAdapter - Downloading https://repo.maven.apache.org/maven2/javax/servlet/jsp/jsp-api/2.0/jsp-api-2.0.jar
2022-03-04 19:28:28,190 [AetherRepositoryConnector-repo.maven.apache.org-4-3] INFO  o.e.m.c.i.e.AbstractTransferListenerAdapter - Downloading https://repo.maven.apache.org/maven2/javax/servlet/servlet-api/2.4/servlet-api-2.4.jar
2022-03-04 19:28:28,190 [AetherRepositoryConnector-repo.maven.apache.org-4-0] INFO  o.e.m.c.i.e.AbstractTransferListenerAdapter - Downloaded https://repo.maven.apache.org/maven2/com/liferay/portal/portal-service/${liferay.version}/portal-service-${liferay.version}.jar
2022-03-04 19:28:28,190 [AetherRepositoryConnector-repo.maven.apache.org-4-1] INFO  o.e.m.c.i.e.AbstractTransferListenerAdapter - Downloaded https://repo.maven.apache.org/maven2/com/liferay/portal/util-java/${liferay.version}/util-java-${liferay.version}.jar
2022-03-04 19:28:28,717 [AetherRepositoryConnector-repo.maven.apache.org-4-2] INFO  o.e.m.c.i.e.AbstractTransferListenerAdapter - Downloaded https://repo.maven.apache.org/maven2/javax/portlet/portlet-api/2.0/portlet-api-2.0.jar
2022-03-04 19:28:28,890 [AetherRepositoryConnector-repo.maven.apache.org-4-4] INFO  o.e.m.c.i.e.AbstractTransferListenerAdapter - Downloaded https://repo.maven.apache.org/maven2/javax/servlet/jsp/jsp-api/2.0/jsp-api-2.0.jar
2022-03-04 19:28:28,931 [AetherRepositoryConnector-repo.maven.apache.org-4-3] INFO  o.e.m.c.i.e.AbstractTransferListenerAdapter - Downloaded https://repo.maven.apache.org/maven2/javax/servlet/servlet-api/2.4/servlet-api-2.4.jar
2022-03-04 19:28:28,973 [Worker-31: Creating liferay-web-archetype] INFO  o.e.m.j.i.AbstractJavaProjectConfigurator - Adding source folder /liferaytest/src/main/java
2022-03-04 19:28:28,973 [Worker-31: Creating liferay-web-archetype] INFO  o.e.m.j.i.AbstractJavaProjectConfigurator - Adding resource folder /liferaytest/src/main/resources
2022-03-04 19:28:28,975 [Worker-31: Creating liferay-web-archetype] INFO  o.e.m.j.i.AbstractJavaProjectConfigurator - Adding source folder /liferaytest/src/test/java
2022-03-04 19:28:29,019 [Worker-31: Creating liferay-web-archetype] INFO  o.e.m.c.i.p.ProjectConfigurationManager - Imported and configured 1 project(s) in 2 sec
2022-03-04 19:28:29,160 [Worker-31: Building] WARN  o.e.m.c.i.embedder.EclipseLogger - The POM for com.liferay.portal:portal-service:jar:${liferay.version} is missing, no dependency information available
2022-03-04 19:28:29,162 [Worker-31: Building] WARN  o.e.m.c.i.embedder.EclipseLogger - The POM for com.liferay.portal:util-java:jar:${liferay.version} is missing, no dependency information available
2022-03-04 19:28:29,175 [Worker-31: Building] INFO  o.e.m.c.i.embedder.EclipseLogger - Using 'UTF-8' encoding to copy filtered resources.
2022-03-04 19:28:29,175 [Worker-31: Building] INFO  o.e.m.c.i.embedder.EclipseLogger - Copying 0 resource
2022-03-04 19:28:29,176 [Worker-31: Building] INFO  o.e.m.c.i.embedder.EclipseLogger - Using 'UTF-8' encoding to copy filtered resources.
2022-03-04 19:28:29,177 [Worker-31: Building] INFO  o.e.m.c.i.embedder.EclipseLogger - skip non existing resourceDirectory C:\Users\Admin\eclipse-workspace\liferaytest\src\test\resources
2022-03-04 19:28:51,676 [Worker-34: Launching Executing install in C__Users_Admin_eclipse-workspace_liferaytest] INFO  o.e.m.i.launch.MavenLaunchDelegate - C:\Users\Admin\eclipse-workspace\liferaytest
2022-03-04 19:28:51,676 [Worker-34: Launching Executing install in C__Users_Admin_eclipse-workspace_liferaytest] INFO  o.e.m.i.launch.MavenLaunchDelegate -  mvn -B install
2022-03-04 19:28:52,953 [Worker-33: Building] INFO  o.e.m.c.i.embedder.EclipseLogger - Using 'UTF-8' encoding to copy filtered resources.
2022-03-04 19:28:52,954 [Worker-33: Building] INFO  o.e.m.c.i.embedder.EclipseLogger - Copying 0 resource
2022-03-04 19:28:52,955 [Worker-33: Building] INFO  o.e.m.c.i.embedder.EclipseLogger - Using 'UTF-8' encoding to copy filtered resources.
2022-03-04 19:28:52,956 [Worker-33: Building] INFO  o.e.m.c.i.embedder.EclipseLogger - skip non existing resourceDirectory C:\Users\Admin\eclipse-workspace\liferaytest\src\test\resources
2022-03-11 21:51:26,987 [Worker-3: Building] WARN  o.e.m.c.i.embedder.EclipseLogger - The POM for com.liferay.portal:portal-service:jar:${liferay.version} is missing, no dependency information available
2022-03-11 21:51:26,997 [Worker-3: Building] WARN  o.e.m.c.i.embedder.EclipseLogger - The POM for com.liferay.portal:util-java:jar:${liferay.version} is missing, no dependency information available
2022-03-11 21:51:28,288 [Worker-3: Building] INFO  o.e.m.c.i.embedder.EclipseLogger - Using 'UTF-8' encoding to copy filtered resources.
2022-03-11 21:51:28,293 [Worker-3: Building] INFO  o.e.m.c.i.embedder.EclipseLogger - Copying 0 resource
2022-03-11 21:51:28,297 [Worker-3: Building] INFO  o.e.m.c.i.embedder.EclipseLogger - Using 'UTF-8' encoding to copy filtered resources.
2022-03-11 21:51:28,297 [Worker-3: Building] INFO  o.e.m.c.i.embedder.EclipseLogger - skip non existing resourceDirectory C:\Users\Admin\eclipse-workspace\liferaytest\src\test\resources
2022-03-11 21:51:29,158 [Worker-3: Building] INFO  o.e.m.c.i.embedder.EclipseLogger - Using 'UTF-8' encoding to copy filtered resources.
2022-03-11 21:51:29,160 [Worker-3: Building] INFO  o.e.m.c.i.embedder.EclipseLogger - Copying 2 resources
2022-03-11 21:51:29,179 [Worker-3: Building] INFO  o.e.m.c.i.embedder.EclipseLogger - Using 'UTF-8' encoding to copy filtered resources.
2022-03-11 21:51:29,179 [Worker-3: Building] INFO  o.e.m.c.i.embedder.EclipseLogger - Copying 0 resource
2024-03-12 19:33:08,928 [Worker-2: Loading available Gradle versions] INFO  o.e.b.c.i.u.g.PublishedGradleVersions - Gradle version information cache is out-of-date. Trying to update.
2024-03-12 19:33:12,855 [Worker-6: Building] WARN  o.e.m.c.i.embedder.EclipseLogger - The POM for com.liferay.portal:portal-service:jar:${liferay.version} is missing, no dependency information available
2024-03-12 19:33:12,863 [Worker-6: Building] WARN  o.e.m.c.i.embedder.EclipseLogger - The POM for com.liferay.portal:util-java:jar:${liferay.version} is missing, no dependency information available
2024-03-12 19:33:14,307 [Worker-6: Building] INFO  o.e.m.c.i.embedder.EclipseLogger - Using 'UTF-8' encoding to copy filtered resources.
2024-03-12 19:33:14,312 [Worker-6: Building] INFO  o.e.m.c.i.embedder.EclipseLogger - Copying 0 resource
2024-03-12 19:33:14,314 [Worker-6: Building] INFO  o.e.m.c.i.embedder.EclipseLogger - Using 'UTF-8' encoding to copy filtered resources.
2024-03-12 19:33:14,315 [Worker-6: Building] INFO  o.e.m.c.i.embedder.EclipseLogger - skip non existing resourceDirectory C:\Users\Admin\eclipse-workspace\liferaytest\src\test\resources
2024-03-12 20:01:52,119 [ModalContext] INFO  o.e.m.c.i.e.AbstractTransferListenerAdapter - Downloading https://repo1.maven.org/maven2/org/apache/maven/archetypes/maven-archetype-quickstart/1.4/maven-archetype-quickstart-1.4.jar
2024-03-12 20:01:52,308 [ModalContext] INFO  o.e.m.c.i.e.AbstractTransferListenerAdapter - Downloaded https://repo1.maven.org/maven2/org/apache/maven/archetypes/maven-archetype-quickstart/1.4/maven-archetype-quickstart-1.4.jar
2024-03-12 20:01:52,437 [ModalContext] INFO  o.e.m.c.i.e.AbstractTransferListenerAdapter - Downloading https://repo1.maven.org/maven2/org/apache/maven/archetypes/maven-archetype-quickstart/1.4/maven-archetype-quickstart-1.4.pom
2024-03-12 20:01:52,579 [ModalContext] INFO  o.e.m.c.i.e.AbstractTransferListenerAdapter - Downloaded https://repo1.maven.org/maven2/org/apache/maven/archetypes/maven-archetype-quickstart/1.4/maven-archetype-quickstart-1.4.pom
2024-03-12 20:03:03,682 [Worker-32: Creating maven-archetype-quickstart] INFO  o.e.m.c.i.p.ProjectConfigurationManager - Collecting project info '/pom.xml' C:\Users\Admin\eclipse-workspace\escolabackend\pom.xml
2024-03-12 20:03:03,881 [Worker-32: Creating maven-archetype-quickstart] INFO  o.e.m.c.i.e.AbstractTransferListenerAdapter - Downloading https://repo.maven.apache.org/maven2/org/apache/maven/plugins/maven-clean-plugin/3.1.0/maven-clean-plugin-3.1.0.jar
2024-03-12 20:03:04,020 [Worker-32: Creating maven-archetype-quickstart] INFO  o.e.m.c.i.e.AbstractTransferListenerAdapter - Downloaded https://repo.maven.apache.org/maven2/org/apache/maven/plugins/maven-clean-plugin/3.1.0/maven-clean-plugin-3.1.0.jar
2024-03-12 20:03:04,231 [Worker-32: Creating maven-archetype-quickstart] INFO  o.e.m.c.i.e.AbstractTransferListenerAdapter - Downloading https://repo.maven.apache.org/maven2/org/apache/maven/plugins/maven-resources-plugin/3.0.2/maven-resources-plugin-3.0.2.jar
2024-03-12 20:03:04,341 [Worker-32: Creating maven-archetype-quickstart] INFO  o.e.m.c.i.e.AbstractTransferListenerAdapter - Downloaded https://repo.maven.apache.org/maven2/org/apache/maven/plugins/maven-resources-plugin/3.0.2/maven-resources-plugin-3.0.2.jar
2024-03-12 20:03:04,493 [Worker-32: Creating maven-archetype-quickstart] INFO  o.e.m.c.i.e.AbstractTransferListenerAdapter - Downloading https://repo.maven.apache.org/maven2/org/apache/maven/plugins/maven-surefire-plugin/2.22.1/maven-surefire-plugin-2.22.1.jar
2024-03-12 20:03:04,579 [Worker-32: Creating maven-archetype-quickstart] INFO  o.e.m.c.i.e.AbstractTransferListenerAdapter - Downloaded https://repo.maven.apache.org/maven2/org/apache/maven/plugins/maven-surefire-plugin/2.22.1/maven-surefire-plugin-2.22.1.jar
2024-03-12 20:03:04,691 [Worker-32: Creating maven-archetype-quickstart] INFO  o.e.m.c.i.e.AbstractTransferListenerAdapter - Downloading https://repo.maven.apache.org/maven2/org/apache/maven/plugins/maven-jar-plugin/3.0.2/maven-jar-plugin-3.0.2.jar
2024-03-12 20:03:04,799 [Worker-32: Creating maven-archetype-quickstart] INFO  o.e.m.c.i.e.AbstractTransferListenerAdapter - Downloaded https://repo.maven.apache.org/maven2/org/apache/maven/plugins/maven-jar-plugin/3.0.2/maven-jar-plugin-3.0.2.jar
2024-03-12 20:03:04,924 [Worker-32: Creating maven-archetype-quickstart] INFO  o.e.m.c.i.e.AbstractTransferListenerAdapter - Downloading https://repo.maven.apache.org/maven2/org/apache/maven/plugins/maven-install-plugin/2.5.2/maven-install-plugin-2.5.2.jar
2024-03-12 20:03:05,030 [Worker-32: Creating maven-archetype-quickstart] INFO  o.e.m.c.i.e.AbstractTransferListenerAdapter - Downloaded https://repo.maven.apache.org/maven2/org/apache/maven/plugins/maven-install-plugin/2.5.2/maven-install-plugin-2.5.2.jar
2024-03-12 20:03:05,160 [Worker-32: Creating maven-archetype-quickstart] INFO  o.e.m.c.i.e.AbstractTransferListenerAdapter - Downloading https://repo.maven.apache.org/maven2/org/apache/maven/plugins/maven-deploy-plugin/2.8.2/maven-deploy-plugin-2.8.2.jar
2024-03-12 20:03:05,270 [Worker-32: Creating maven-archetype-quickstart] INFO  o.e.m.c.i.e.AbstractTransferListenerAdapter - Downloaded https://repo.maven.apache.org/maven2/org/apache/maven/plugins/maven-deploy-plugin/2.8.2/maven-deploy-plugin-2.8.2.jar
2024-03-12 20:03:05,397 [Worker-32: Creating maven-archetype-quickstart] INFO  o.e.m.c.i.e.AbstractTransferListenerAdapter - Downloading https://repo.maven.apache.org/maven2/org/apache/maven/plugins/maven-site-plugin/3.7.1/maven-site-plugin-3.7.1.jar
2024-03-12 20:03:05,442 [Worker-32: Creating maven-archetype-quickstart] INFO  o.e.m.c.i.e.AbstractTransferListenerAdapter - Downloaded https://repo.maven.apache.org/maven2/org/apache/maven/plugins/maven-site-plugin/3.7.1/maven-site-plugin-3.7.1.jar
2024-03-12 20:03:06,580 [Worker-32: Creating maven-archetype-quickstart] INFO  o.e.m.c.i.e.AbstractTransferListenerAdapter - Downloading https://repo.maven.apache.org/maven2/org/codehaus/plexus/plexus-java/0.9.10/plexus-java-0.9.10.pom
2024-03-12 20:03:06,606 [Worker-32: Creating maven-archetype-quickstart] INFO  o.e.m.c.i.e.AbstractTransferListenerAdapter - Downloaded https://repo.maven.apache.org/maven2/org/codehaus/plexus/plexus-java/0.9.10/plexus-java-0.9.10.pom
2024-03-12 20:03:06,621 [Worker-32: Creating maven-archetype-quickstart] INFO  o.e.m.c.i.e.AbstractTransferListenerAdapter - Downloading https://repo.maven.apache.org/maven2/org/codehaus/plexus/plexus-languages/0.9.10/plexus-languages-0.9.10.pom
2024-03-12 20:03:06,649 [Worker-32: Creating maven-archetype-quickstart] INFO  o.e.m.c.i.e.AbstractTransferListenerAdapter - Downloaded https://repo.maven.apache.org/maven2/org/codehaus/plexus/plexus-languages/0.9.10/plexus-languages-0.9.10.pom
2024-03-12 20:03:06,667 [Worker-32: Creating maven-archetype-quickstart] INFO  o.e.m.c.i.e.AbstractTransferListenerAdapter - Downloading https://repo.maven.apache.org/maven2/org/ow2/asm/asm/6.2/asm-6.2.pom
2024-03-12 20:03:06,698 [Worker-32: Creating maven-archetype-quickstart] INFO  o.e.m.c.i.e.AbstractTransferListenerAdapter - Downloaded https://repo.maven.apache.org/maven2/org/ow2/asm/asm/6.2/asm-6.2.pom
2024-03-12 20:03:06,711 [Worker-32: Creating maven-archetype-quickstart] INFO  o.e.m.c.i.e.AbstractTransferListenerAdapter - Downloading https://repo.maven.apache.org/maven2/org/ow2/ow2/1.5/ow2-1.5.pom
2024-03-12 20:03:06,736 [Worker-32: Creating maven-archetype-quickstart] INFO  o.e.m.c.i.e.AbstractTransferListenerAdapter - Downloaded https://repo.maven.apache.org/maven2/org/ow2/ow2/1.5/ow2-1.5.pom
2024-03-12 20:03:06,755 [Worker-32: Creating maven-archetype-quickstart] INFO  o.e.m.c.i.e.AbstractTransferListenerAdapter - Downloading https://repo.maven.apache.org/maven2/com/thoughtworks/qdox/qdox/2.0-M9/qdox-2.0-M9.pom
2024-03-12 20:03:06,785 [Worker-32: Creating maven-archetype-quickstart] INFO  o.e.m.c.i.e.AbstractTransferListenerAdapter - Downloaded https://repo.maven.apache.org/maven2/com/thoughtworks/qdox/qdox/2.0-M9/qdox-2.0-M9.pom
2024-03-12 20:03:06,799 [Worker-32: Creating maven-archetype-quickstart] INFO  o.e.m.c.i.e.AbstractTransferListenerAdapter - Downloading https://repo.maven.apache.org/maven2/org/sonatype/oss/oss-parent/9/oss-parent-9.pom
2024-03-12 20:03:06,825 [Worker-32: Creating maven-archetype-quickstart] INFO  o.e.m.c.i.e.AbstractTransferListenerAdapter - Downloaded https://repo.maven.apache.org/maven2/org/sonatype/oss/oss-parent/9/oss-parent-9.pom
2024-03-12 20:03:06,839 [Worker-32: Creating maven-archetype-quickstart] INFO  o.e.m.c.i.e.AbstractTransferListenerAdapter - Downloading https://repo.maven.apache.org/maven2/org/codehaus/plexus/plexus-compiler-api/2.8.4/plexus-compiler-api-2.8.4.pom
2024-03-12 20:03:06,866 [Worker-32: Creating maven-archetype-quickstart] INFO  o.e.m.c.i.e.AbstractTransferListenerAdapter - Downloaded https://repo.maven.apache.org/maven2/org/codehaus/plexus/plexus-compiler-api/2.8.4/plexus-compiler-api-2.8.4.pom
2024-03-12 20:03:06,882 [Worker-32: Creating maven-archetype-quickstart] INFO  o.e.m.c.i.e.AbstractTransferListenerAdapter - Downloading https://repo.maven.apache.org/maven2/org/codehaus/plexus/plexus-compiler/2.8.4/plexus-compiler-2.8.4.pom
2024-03-12 20:03:06,912 [Worker-32: Creating maven-archetype-quickstart] INFO  o.e.m.c.i.e.AbstractTransferListenerAdapter - Downloaded https://repo.maven.apache.org/maven2/org/codehaus/plexus/plexus-compiler/2.8.4/plexus-compiler-2.8.4.pom
2024-03-12 20:03:06,936 [Worker-32: Creating maven-archetype-quickstart] INFO  o.e.m.c.i.e.AbstractTransferListenerAdapter - Downloading https://repo.maven.apache.org/maven2/org/codehaus/plexus/plexus-utils/3.0.22/plexus-utils-3.0.22.pom
2024-03-12 20:03:06,962 [Worker-32: Creating maven-archetype-quickstart] INFO  o.e.m.c.i.e.AbstractTransferListenerAdapter - Downloaded https://repo.maven.apache.org/maven2/org/codehaus/plexus/plexus-utils/3.0.22/plexus-utils-3.0.22.pom
2024-03-12 20:03:07,000 [Worker-32: Creating maven-archetype-quickstart] INFO  o.e.m.c.i.e.AbstractTransferListenerAdapter - Downloading https://repo.maven.apache.org/maven2/org/codehaus/plexus/plexus-compiler-manager/2.8.4/plexus-compiler-manager-2.8.4.pom
2024-03-12 20:03:07,041 [Worker-32: Creating maven-archetype-quickstart] INFO  o.e.m.c.i.e.AbstractTransferListenerAdapter - Downloaded https://repo.maven.apache.org/maven2/org/codehaus/plexus/plexus-compiler-manager/2.8.4/plexus-compiler-manager-2.8.4.pom
2024-03-12 20:03:07,068 [Worker-32: Creating maven-archetype-quickstart] INFO  o.e.m.c.i.e.AbstractTransferListenerAdapter - Downloading https://repo.maven.apache.org/maven2/org/codehaus/plexus/plexus-compiler-javac/2.8.4/plexus-compiler-javac-2.8.4.pom
2024-03-12 20:03:07,106 [Worker-32: Creating maven-archetype-quickstart] INFO  o.e.m.c.i.e.AbstractTransferListenerAdapter - Downloaded https://repo.maven.apache.org/maven2/org/codehaus/plexus/plexus-compiler-javac/2.8.4/plexus-compiler-javac-2.8.4.pom
2024-03-12 20:03:07,120 [Worker-32: Creating maven-archetype-quickstart] INFO  o.e.m.c.i.e.AbstractTransferListenerAdapter - Downloading https://repo.maven.apache.org/maven2/org/codehaus/plexus/plexus-compilers/2.8.4/plexus-compilers-2.8.4.pom
2024-03-12 20:03:07,148 [Worker-32: Creating maven-archetype-quickstart] INFO  o.e.m.c.i.e.AbstractTransferListenerAdapter - Downloaded https://repo.maven.apache.org/maven2/org/codehaus/plexus/plexus-compilers/2.8.4/plexus-compilers-2.8.4.pom
2024-03-12 20:03:07,173 [AetherRepositoryConnector-repo.maven.apache.org-0-0] INFO  o.e.m.c.i.e.AbstractTransferListenerAdapter - Downloading https://repo.maven.apache.org/maven2/org/codehaus/plexus/plexus-java/0.9.10/plexus-java-0.9.10.jar
2024-03-12 20:03:07,183 [AetherRepositoryConnector-repo.maven.apache.org-0-4] INFO  o.e.m.c.i.e.AbstractTransferListenerAdapter - Downloading https://repo.maven.apache.org/maven2/org/codehaus/plexus/plexus-compiler-manager/2.8.4/plexus-compiler-manager-2.8.4.jar
2024-03-12 20:03:07,183 [AetherRepositoryConnector-repo.maven.apache.org-0-3] INFO  o.e.m.c.i.e.AbstractTransferListenerAdapter - Downloading https://repo.maven.apache.org/maven2/org/codehaus/plexus/plexus-compiler-api/2.8.4/plexus-compiler-api-2.8.4.jar
2024-03-12 20:03:07,184 [AetherRepositoryConnector-repo.maven.apache.org-0-1] INFO  o.e.m.c.i.e.AbstractTransferListenerAdapter - Downloading https://repo.maven.apache.org/maven2/org/ow2/asm/asm/6.2/asm-6.2.jar
2024-03-12 20:03:07,195 [AetherRepositoryConnector-repo.maven.apache.org-0-2] INFO  o.e.m.c.i.e.AbstractTransferListenerAdapter - Downloading https://repo.maven.apache.org/maven2/com/thoughtworks/qdox/qdox/2.0-M9/qdox-2.0-M9.jar
2024-03-12 20:03:07,226 [AetherRepositoryConnector-repo.maven.apache.org-0-1] INFO  o.e.m.c.i.e.AbstractTransferListenerAdapter - Downloaded https://repo.maven.apache.org/maven2/org/ow2/asm/asm/6.2/asm-6.2.jar
2024-03-12 20:03:07,241 [AetherRepositoryConnector-repo.maven.apache.org-0-4] INFO  o.e.m.c.i.e.AbstractTransferListenerAdapter - Downloaded https://repo.maven.apache.org/maven2/org/codehaus/plexus/plexus-compiler-manager/2.8.4/plexus-compiler-manager-2.8.4.jar
2024-03-12 20:03:07,242 [AetherRepositoryConnector-repo.maven.apache.org-0-1] INFO  o.e.m.c.i.e.AbstractTransferListenerAdapter - Downloading https://repo.maven.apache.org/maven2/org/codehaus/plexus/plexus-compiler-javac/2.8.4/plexus-compiler-javac-2.8.4.jar
2024-03-12 20:03:07,250 [AetherRepositoryConnector-repo.maven.apache.org-0-2] INFO  o.e.m.c.i.e.AbstractTransferListenerAdapter - Downloaded https://repo.maven.apache.org/maven2/com/thoughtworks/qdox/qdox/2.0-M9/qdox-2.0-M9.jar
2024-03-12 20:03:07,321 [AetherRepositoryConnector-repo.maven.apache.org-0-1] INFO  o.e.m.c.i.e.AbstractTransferListenerAdapter - Downloaded https://repo.maven.apache.org/maven2/org/codehaus/plexus/plexus-compiler-javac/2.8.4/plexus-compiler-javac-2.8.4.jar
2024-03-12 20:03:07,335 [AetherRepositoryConnector-repo.maven.apache.org-0-3] INFO  o.e.m.c.i.e.AbstractTransferListenerAdapter - Downloaded https://repo.maven.apache.org/maven2/org/codehaus/plexus/plexus-compiler-api/2.8.4/plexus-compiler-api-2.8.4.jar
2024-03-12 20:03:07,352 [AetherRepositoryConnector-repo.maven.apache.org-0-0] INFO  o.e.m.c.i.e.AbstractTransferListenerAdapter - Downloaded https://repo.maven.apache.org/maven2/org/codehaus/plexus/plexus-java/0.9.10/plexus-java-0.9.10.jar
2024-03-12 20:03:08,283 [Worker-32: Creating maven-archetype-quickstart] INFO  o.e.m.c.i.l.LifecycleMappingFactory - Using org.eclipse.m2e.jdt.JarLifecycleMapping lifecycle mapping for MavenProject: br.edu.eteczl:escolabackend:0.0.1-SNAPSHOT @ C:\Users\Admin\eclipse-workspace\escolabackend\pom.xml.
2024-03-12 20:03:08,393 [Worker-32: Creating maven-archetype-quickstart] INFO  o.e.m.c.i.e.AbstractTransferListenerAdapter - Downloading https://repo.maven.apache.org/maven2/junit/junit/4.11/junit-4.11.jar
2024-03-12 20:03:08,470 [Worker-32: Creating maven-archetype-quickstart] INFO  o.e.m.c.i.e.AbstractTransferListenerAdapter - Downloaded https://repo.maven.apache.org/maven2/junit/junit/4.11/junit-4.11.jar
2024-03-12 20:03:08,757 [Worker-32: Creating maven-archetype-quickstart] INFO  o.e.m.c.i.e.AbstractTransferListenerAdapter - Downloading https://repo.maven.apache.org/maven2/org/apache/maven/plugins/maven-resources-plugin/3.0.2/maven-resources-plugin-3.0.2.pom
2024-03-12 20:03:08,813 [Worker-32: Creating maven-archetype-quickstart] INFO  o.e.m.c.i.e.AbstractTransferListenerAdapter - Downloaded https://repo.maven.apache.org/maven2/org/apache/maven/plugins/maven-resources-plugin/3.0.2/maven-resources-plugin-3.0.2.pom
2024-03-12 20:03:08,829 [Worker-32: Creating maven-archetype-quickstart] INFO  o.e.m.c.i.e.AbstractTransferListenerAdapter - Downloading https://repo.maven.apache.org/maven2/org/apache/maven/plugins/maven-plugins/30/maven-plugins-30.pom
2024-03-12 20:03:08,873 [Worker-32: Creating maven-archetype-quickstart] INFO  o.e.m.c.i.e.AbstractTransferListenerAdapter - Downloaded https://repo.maven.apache.org/maven2/org/apache/maven/plugins/maven-plugins/30/maven-plugins-30.pom
2024-03-12 20:03:08,891 [Worker-32: Creating maven-archetype-quickstart] INFO  o.e.m.c.i.e.AbstractTransferListenerAdapter - Downloading https://repo.maven.apache.org/maven2/org/apache/maven/plugins/maven-surefire-plugin/2.22.1/maven-surefire-plugin-2.22.1.pom
2024-03-12 20:03:08,964 [Worker-32: Creating maven-archetype-quickstart] INFO  o.e.m.c.i.e.AbstractTransferListenerAdapter - Downloaded https://repo.maven.apache.org/maven2/org/apache/maven/plugins/maven-surefire-plugin/2.22.1/maven-surefire-plugin-2.22.1.pom
2024-03-12 20:03:08,979 [Worker-32: Creating maven-archetype-quickstart] INFO  o.e.m.c.i.e.AbstractTransferListenerAdapter - Downloading https://repo.maven.apache.org/maven2/org/apache/maven/surefire/surefire/2.22.1/surefire-2.22.1.pom
2024-03-12 20:03:09,014 [Worker-32: Creating maven-archetype-quickstart] INFO  o.e.m.c.i.e.AbstractTransferListenerAdapter - Downloaded https://repo.maven.apache.org/maven2/org/apache/maven/surefire/surefire/2.22.1/surefire-2.22.1.pom
2024-03-12 20:03:09,089 [Worker-32: Creating maven-archetype-quickstart] INFO  o.e.m.c.i.e.AbstractTransferListenerAdapter - Downloading https://repo.maven.apache.org/maven2/org/apache/maven/plugins/maven-jar-plugin/3.0.2/maven-jar-plugin-3.0.2.pom
2024-03-12 20:03:09,121 [Worker-32: Creating maven-archetype-quickstart] INFO  o.e.m.c.i.e.AbstractTransferListenerAdapter - Downloaded https://repo.maven.apache.org/maven2/org/apache/maven/plugins/maven-jar-plugin/3.0.2/maven-jar-plugin-3.0.2.pom
2024-03-12 20:03:09,222 [Worker-32: Creating maven-archetype-quickstart] INFO  o.e.m.c.i.e.AbstractTransferListenerAdapter - Downloading https://repo.maven.apache.org/maven2/org/apache/maven/maven-archiver/3.1.1/maven-archiver-3.1.1.pom
2024-03-12 20:03:09,253 [Worker-32: Creating maven-archetype-quickstart] INFO  o.e.m.c.i.e.AbstractTransferListenerAdapter - Downloaded https://repo.maven.apache.org/maven2/org/apache/maven/maven-archiver/3.1.1/maven-archiver-3.1.1.pom
2024-03-12 20:03:09,271 [Worker-32: Creating maven-archetype-quickstart] INFO  o.e.m.c.i.e.AbstractTransferListenerAdapter - Downloading https://repo.maven.apache.org/maven2/org/apache/maven/shared/maven-shared-utils/3.0.1/maven-shared-utils-3.0.1.pom
2024-03-12 20:03:09,301 [Worker-32: Creating maven-archetype-quickstart] INFO  o.e.m.c.i.e.AbstractTransferListenerAdapter - Downloaded https://repo.maven.apache.org/maven2/org/apache/maven/shared/maven-shared-utils/3.0.1/maven-shared-utils-3.0.1.pom
2024-03-12 20:03:09,365 [Worker-32: Creating maven-archetype-quickstart] INFO  o.e.m.c.i.e.AbstractTransferListenerAdapter - Downloading https://repo.maven.apache.org/maven2/org/codehaus/plexus/plexus-archiver/3.3/plexus-archiver-3.3.pom
2024-03-12 20:03:09,391 [Worker-32: Creating maven-archetype-quickstart] INFO  o.e.m.c.i.e.AbstractTransferListenerAdapter - Downloaded https://repo.maven.apache.org/maven2/org/codehaus/plexus/plexus-archiver/3.3/plexus-archiver-3.3.pom
2024-03-12 20:03:09,417 [Worker-32: Creating maven-archetype-quickstart] INFO  o.e.m.c.i.e.AbstractTransferListenerAdapter - Downloading https://repo.maven.apache.org/maven2/org/codehaus/plexus/plexus-utils/3.0.24/plexus-utils-3.0.24.pom
2024-03-12 20:03:09,442 [Worker-32: Creating maven-archetype-quickstart] INFO  o.e.m.c.i.e.AbstractTransferListenerAdapter - Downloaded https://repo.maven.apache.org/maven2/org/codehaus/plexus/plexus-utils/3.0.24/plexus-utils-3.0.24.pom
2024-03-12 20:03:09,462 [Worker-32: Creating maven-archetype-quickstart] INFO  o.e.m.c.i.e.AbstractTransferListenerAdapter - Downloading https://repo.maven.apache.org/maven2/org/codehaus/plexus/plexus-io/2.7.1/plexus-io-2.7.1.pom
2024-03-12 20:03:09,490 [Worker-32: Creating maven-archetype-quickstart] INFO  o.e.m.c.i.e.AbstractTransferListenerAdapter - Downloaded https://repo.maven.apache.org/maven2/org/codehaus/plexus/plexus-io/2.7.1/plexus-io-2.7.1.pom
2024-03-12 20:03:09,536 [Worker-32: Creating maven-archetype-quickstart] INFO  o.e.m.c.i.e.AbstractTransferListenerAdapter - Downloading https://repo.maven.apache.org/maven2/org/apache/commons/commons-compress/1.11/commons-compress-1.11.pom
2024-03-12 20:03:09,561 [Worker-32: Creating maven-archetype-quickstart] INFO  o.e.m.c.i.e.AbstractTransferListenerAdapter - Downloaded https://repo.maven.apache.org/maven2/org/apache/commons/commons-compress/1.11/commons-compress-1.11.pom
2024-03-12 20:03:09,575 [Worker-32: Creating maven-archetype-quickstart] INFO  o.e.m.c.i.e.AbstractTransferListenerAdapter - Downloading https://repo.maven.apache.org/maven2/org/iq80/snappy/snappy/0.4/snappy-0.4.pom
2024-03-12 20:03:09,600 [Worker-32: Creating maven-archetype-quickstart] INFO  o.e.m.c.i.e.AbstractTransferListenerAdapter - Downloaded https://repo.maven.apache.org/maven2/org/iq80/snappy/snappy/0.4/snappy-0.4.pom
2024-03-12 20:03:09,616 [Worker-32: Creating maven-archetype-quickstart] INFO  o.e.m.c.i.e.AbstractTransferListenerAdapter - Downloading https://repo.maven.apache.org/maven2/org/tukaani/xz/1.5/xz-1.5.pom
2024-03-12 20:03:09,641 [Worker-32: Creating maven-archetype-quickstart] INFO  o.e.m.c.i.e.AbstractTransferListenerAdapter - Downloaded https://repo.maven.apache.org/maven2/org/tukaani/xz/1.5/xz-1.5.pom
2024-03-12 20:03:09,658 [Worker-32: Creating maven-archetype-quickstart] INFO  o.e.m.c.i.e.AbstractTransferListenerAdapter - Downloading https://repo.maven.apache.org/maven2/org/codehaus/plexus/plexus-interpolation/1.22/plexus-interpolation-1.22.pom
2024-03-12 20:03:09,695 [Worker-32: Creating maven-archetype-quickstart] INFO  o.e.m.c.i.e.AbstractTransferListenerAdapter - Downloaded https://repo.maven.apache.org/maven2/org/codehaus/plexus/plexus-interpolation/1.22/plexus-interpolation-1.22.pom
2024-03-12 20:03:09,724 [Worker-32: Creating maven-archetype-quickstart] INFO  o.e.m.c.i.e.AbstractTransferListenerAdapter - Downloading https://repo.maven.apache.org/maven2/org/codehaus/plexus/plexus-archiver/3.4/plexus-archiver-3.4.pom
2024-03-12 20:03:09,752 [Worker-32: Creating maven-archetype-quickstart] INFO  o.e.m.c.i.e.AbstractTransferListenerAdapter - Downloaded https://repo.maven.apache.org/maven2/org/codehaus/plexus/plexus-archiver/3.4/plexus-archiver-3.4.pom
2024-03-12 20:03:09,775 [AetherRepositoryConnector-repo.maven.apache.org-1-0] INFO  o.e.m.c.i.e.AbstractTransferListenerAdapter - Downloading https://repo.maven.apache.org/maven2/org/apache/maven/maven-archiver/3.1.1/maven-archiver-3.1.1.jar
2024-03-12 20:03:09,792 [AetherRepositoryConnector-repo.maven.apache.org-1-2] INFO  o.e.m.c.i.e.AbstractTransferListenerAdapter - Downloading https://repo.maven.apache.org/maven2/org/codehaus/plexus/plexus-archiver/3.4/plexus-archiver-3.4.jar
2024-03-12 20:03:09,792 [AetherRepositoryConnector-repo.maven.apache.org-1-3] INFO  o.e.m.c.i.e.AbstractTransferListenerAdapter - Downloading https://repo.maven.apache.org/maven2/org/codehaus/plexus/plexus-io/2.7.1/plexus-io-2.7.1.jar
2024-03-12 20:03:09,799 [AetherRepositoryConnector-repo.maven.apache.org-1-4] INFO  o.e.m.c.i.e.AbstractTransferListenerAdapter - Downloading https://repo.maven.apache.org/maven2/org/apache/commons/commons-compress/1.11/commons-compress-1.11.jar
2024-03-12 20:03:09,809 [AetherRepositoryConnector-repo.maven.apache.org-1-1] INFO  o.e.m.c.i.e.AbstractTransferListenerAdapter - Downloading https://repo.maven.apache.org/maven2/org/apache/maven/shared/maven-shared-utils/3.0.1/maven-shared-utils-3.0.1.jar
2024-03-12 20:03:09,875 [AetherRepositoryConnector-repo.maven.apache.org-1-3] INFO  o.e.m.c.i.e.AbstractTransferListenerAdapter - Downloaded https://repo.maven.apache.org/maven2/org/codehaus/plexus/plexus-io/2.7.1/plexus-io-2.7.1.jar
2024-03-12 20:03:09,875 [AetherRepositoryConnector-repo.maven.apache.org-1-2] INFO  o.e.m.c.i.e.AbstractTransferListenerAdapter - Downloaded https://repo.maven.apache.org/maven2/org/codehaus/plexus/plexus-archiver/3.4/plexus-archiver-3.4.jar
2024-03-12 20:03:09,875 [AetherRepositoryConnector-repo.maven.apache.org-1-0] INFO  o.e.m.c.i.e.AbstractTransferListenerAdapter - Downloaded https://repo.maven.apache.org/maven2/org/apache/maven/maven-archiver/3.1.1/maven-archiver-3.1.1.jar
2024-03-12 20:03:09,880 [AetherRepositoryConnector-repo.maven.apache.org-1-1] INFO  o.e.m.c.i.e.AbstractTransferListenerAdapter - Downloaded https://repo.maven.apache.org/maven2/org/apache/maven/shared/maven-shared-utils/3.0.1/maven-shared-utils-3.0.1.jar
2024-03-12 20:03:09,884 [AetherRepositoryConnector-repo.maven.apache.org-1-0] INFO  o.e.m.c.i.e.AbstractTransferListenerAdapter - Downloading https://repo.maven.apache.org/maven2/org/tukaani/xz/1.5/xz-1.5.jar
2024-03-12 20:03:09,892 [AetherRepositoryConnector-repo.maven.apache.org-1-3] INFO  o.e.m.c.i.e.AbstractTransferListenerAdapter - Downloading https://repo.maven.apache.org/maven2/org/codehaus/plexus/plexus-utils/3.0.24/plexus-utils-3.0.24.jar
2024-03-12 20:03:09,911 [AetherRepositoryConnector-repo.maven.apache.org-1-2] INFO  o.e.m.c.i.e.AbstractTransferListenerAdapter - Downloading https://repo.maven.apache.org/maven2/org/iq80/snappy/snappy/0.4/snappy-0.4.jar
2024-03-12 20:03:09,924 [AetherRepositoryConnector-repo.maven.apache.org-1-4] INFO  o.e.m.c.i.e.AbstractTransferListenerAdapter - Downloaded https://repo.maven.apache.org/maven2/org/apache/commons/commons-compress/1.11/commons-compress-1.11.jar
2024-03-12 20:03:09,924 [AetherRepositoryConnector-repo.maven.apache.org-1-0] INFO  o.e.m.c.i.e.AbstractTransferListenerAdapter - Downloaded https://repo.maven.apache.org/maven2/org/tukaani/xz/1.5/xz-1.5.jar
2024-03-12 20:03:09,943 [AetherRepositoryConnector-repo.maven.apache.org-1-3] INFO  o.e.m.c.i.e.AbstractTransferListenerAdapter - Downloaded https://repo.maven.apache.org/maven2/org/codehaus/plexus/plexus-utils/3.0.24/plexus-utils-3.0.24.jar
2024-03-12 20:03:09,952 [AetherRepositoryConnector-repo.maven.apache.org-1-2] INFO  o.e.m.c.i.e.AbstractTransferListenerAdapter - Downloaded https://repo.maven.apache.org/maven2/org/iq80/snappy/snappy/0.4/snappy-0.4.jar
2024-03-12 20:03:10,699 [Worker-32: Creating maven-archetype-quickstart] INFO  o.e.m.c.i.e.AbstractTransferListenerAdapter - Downloading https://repo.maven.apache.org/maven2/org/apache/maven/shared/maven-filtering/3.1.1/maven-filtering-3.1.1.pom
2024-03-12 20:03:10,729 [Worker-32: Creating maven-archetype-quickstart] INFO  o.e.m.c.i.e.AbstractTransferListenerAdapter - Downloaded https://repo.maven.apache.org/maven2/org/apache/maven/shared/maven-filtering/3.1.1/maven-filtering-3.1.1.pom
2024-03-12 20:03:10,835 [Worker-32: Creating maven-archetype-quickstart] INFO  o.e.m.c.i.e.AbstractTransferListenerAdapter - Downloading https://repo.maven.apache.org/maven2/org/codehaus/plexus/plexus-interpolation/1.24/plexus-interpolation-1.24.pom
2024-03-12 20:03:10,865 [Worker-32: Creating maven-archetype-quickstart] INFO  o.e.m.c.i.e.AbstractTransferListenerAdapter - Downloaded https://repo.maven.apache.org/maven2/org/codehaus/plexus/plexus-interpolation/1.24/plexus-interpolation-1.24.pom
2024-03-12 20:03:10,885 [AetherRepositoryConnector-repo.maven.apache.org-2-0] INFO  o.e.m.c.i.e.AbstractTransferListenerAdapter - Downloading https://repo.maven.apache.org/maven2/org/apache/maven/shared/maven-filtering/3.1.1/maven-filtering-3.1.1.jar
2024-03-12 20:03:10,897 [AetherRepositoryConnector-repo.maven.apache.org-2-1] INFO  o.e.m.c.i.e.AbstractTransferListenerAdapter - Downloading https://repo.maven.apache.org/maven2/org/codehaus/plexus/plexus-interpolation/1.24/plexus-interpolation-1.24.jar
2024-03-12 20:03:10,920 [AetherRepositoryConnector-repo.maven.apache.org-2-0] INFO  o.e.m.c.i.e.AbstractTransferListenerAdapter - Downloaded https://repo.maven.apache.org/maven2/org/apache/maven/shared/maven-filtering/3.1.1/maven-filtering-3.1.1.jar
2024-03-12 20:03:10,941 [AetherRepositoryConnector-repo.maven.apache.org-2-1] INFO  o.e.m.c.i.e.AbstractTransferListenerAdapter - Downloaded https://repo.maven.apache.org/maven2/org/codehaus/plexus/plexus-interpolation/1.24/plexus-interpolation-1.24.jar
2024-03-12 20:03:11,281 [Worker-32: Creating maven-archetype-quickstart] INFO  o.e.m.j.i.AbstractJavaProjectConfigurator - Adding source folder /escolabackend/src/main/java
2024-03-12 20:03:11,288 [Worker-32: Creating maven-archetype-quickstart] INFO  o.e.m.j.i.AbstractJavaProjectConfigurator - Adding source folder /escolabackend/src/test/java
2024-03-12 20:03:11,575 [Worker-32: Creating maven-archetype-quickstart] INFO  o.e.m.c.i.p.ProjectConfigurationManager - Imported and configured 1 project(s) in 7 sec
2024-03-12 20:03:11,740 [Worker-26: Download sources and javadoc] INFO  o.e.m.c.i.e.AbstractTransferListenerAdapter - Downloading https://repo.maven.apache.org/maven2/junit/junit/4.11/junit-4.11-sources.jar
2024-03-12 20:03:11,844 [Worker-26: Download sources and javadoc] INFO  o.e.m.c.i.e.AbstractTransferListenerAdapter - Downloaded https://repo.maven.apache.org/maven2/junit/junit/4.11/junit-4.11-sources.jar
2024-03-12 20:03:11,888 [Worker-26: Download sources and javadoc] INFO  o.e.m.j.internal.DownloadSourcesJob - Downloaded sources for junit:junit:4.11
2024-03-12 20:03:11,950 [Worker-32: Building] INFO  o.e.m.c.i.embedder.EclipseLogger - Using 'UTF-8' encoding to copy filtered resources.
2024-03-12 20:03:11,950 [Worker-32: Building] INFO  o.e.m.c.i.embedder.EclipseLogger - skip non existing resourceDirectory C:\Users\Admin\eclipse-workspace\escolabackend\src\main\resources
2024-03-12 20:03:11,952 [Worker-32: Building] INFO  o.e.m.c.i.embedder.EclipseLogger - Using 'UTF-8' encoding to copy filtered resources.
2024-03-12 20:03:11,952 [Worker-32: Building] INFO  o.e.m.c.i.embedder.EclipseLogger - skip non existing resourceDirectory C:\Users\Admin\eclipse-workspace\escolabackend\src\test\resources
2024-03-12 20:03:11,964 [Worker-26: Download sources and javadoc] INFO  o.e.m.c.i.e.AbstractTransferListenerAdapter - Downloading https://repo.maven.apache.org/maven2/org/hamcrest/hamcrest-core/1.3/hamcrest-core-1.3-sources.jar
2024-03-12 20:03:12,218 [Worker-26: Download sources and javadoc] INFO  o.e.m.c.i.e.AbstractTransferListenerAdapter - Downloaded https://repo.maven.apache.org/maven2/org/hamcrest/hamcrest-core/1.3/hamcrest-core-1.3-sources.jar
2024-03-12 20:03:12,469 [Worker-26: Download sources and javadoc] INFO  o.e.m.j.internal.DownloadSourcesJob - Downloaded sources for org.hamcrest:hamcrest-core:1.3
2024-03-12 20:03:13,005 [Worker-35: Building] INFO  o.e.m.c.i.embedder.EclipseLogger - Using 'UTF-8' encoding to copy filtered resources.
2024-03-12 20:03:13,005 [Worker-35: Building] INFO  o.e.m.c.i.embedder.EclipseLogger - skip non existing resourceDirectory C:\Users\Admin\eclipse-workspace\escolabackend\src\main\resources
2024-03-12 20:03:13,006 [Worker-35: Building] INFO  o.e.m.c.i.embedder.EclipseLogger - Using 'UTF-8' encoding to copy filtered resources.
2024-03-12 20:03:13,007 [Worker-35: Building] INFO  o.e.m.c.i.embedder.EclipseLogger - skip non existing resourceDirectory C:\Users\Admin\eclipse-workspace\escolabackend\src\test\resources
2024-03-12 20:10:13,925 [Worker-39: Building] INFO  o.e.m.c.i.l.LifecycleMappingFactory - Using org.eclipse.m2e.jdt.JarLifecycleMapping lifecycle mapping for MavenProject: br.edu.eteczl:escolabackend:0.0.1-SNAPSHOT @ C:\Users\Admin\eclipse-workspace\escolabackend\pom.xml.
2024-03-12 20:10:14,041 [Worker-39: Building] INFO  o.e.m.c.i.embedder.EclipseLogger - Using 'UTF-8' encoding to copy filtered resources.
2024-03-12 20:10:14,041 [Worker-39: Building] INFO  o.e.m.c.i.embedder.EclipseLogger - skip non existing resourceDirectory C:\Users\Admin\eclipse-workspace\escolabackend\src\main\resources
2024-03-12 20:10:14,043 [Worker-39: Building] INFO  o.e.m.c.i.embedder.EclipseLogger - Using 'UTF-8' encoding to copy filtered resources.
2024-03-12 20:10:14,043 [Worker-39: Building] INFO  o.e.m.c.i.embedder.EclipseLogger - skip non existing resourceDirectory C:\Users\Admin\eclipse-workspace\escolabackend\src\test\resources
2024-03-12 20:11:47,745 [Worker-38: Building] INFO  o.e.m.c.i.embedder.EclipseLogger - Using 'UTF-8' encoding to copy filtered resources.
2024-03-12 20:11:47,745 [Worker-38: Building] INFO  o.e.m.c.i.embedder.EclipseLogger - skip non existing resourceDirectory C:\Users\Admin\eclipse-workspace\escolabackend\src\main\resources
2024-03-12 20:11:47,747 [Worker-38: Building] INFO  o.e.m.c.i.embedder.EclipseLogger - Using 'UTF-8' encoding to copy filtered resources.
2024-03-12 20:11:47,747 [Worker-38: Building] INFO  o.e.m.c.i.embedder.EclipseLogger - skip non existing resourceDirectory C:\Users\Admin\eclipse-workspace\escolabackend\src\test\resources
2024-03-12 20:11:48,861 [Worker-38: Building] INFO  o.e.m.c.i.embedder.EclipseLogger - Using 'UTF-8' encoding to copy filtered resources.
2024-03-12 20:11:48,861 [Worker-38: Building] INFO  o.e.m.c.i.embedder.EclipseLogger - skip non existing resourceDirectory C:\Users\Admin\eclipse-workspace\escolabackend\src\main\resources
2024-03-12 20:11:48,862 [Worker-38: Building] INFO  o.e.m.c.i.embedder.EclipseLogger - Using 'UTF-8' encoding to copy filtered resources.
2024-03-12 20:11:48,862 [Worker-38: Building] INFO  o.e.m.c.i.embedder.EclipseLogger - skip non existing resourceDirectory C:\Users\Admin\eclipse-workspace\escolabackend\src\test\resources
2024-03-12 20:11:52,641 [Worker-40: Building] INFO  o.e.m.c.i.embedder.EclipseLogger - Using 'UTF-8' encoding to copy filtered resources.
2024-03-12 20:11:52,641 [Worker-40: Building] INFO  o.e.m.c.i.embedder.EclipseLogger - skip non existing resourceDirectory C:\Users\Admin\eclipse-workspace\escolabackend\src\main\resources
2024-03-12 20:11:52,642 [Worker-40: Building] INFO  o.e.m.c.i.embedder.EclipseLogger - Using 'UTF-8' encoding to copy filtered resources.
2024-03-12 20:11:52,642 [Worker-40: Building] INFO  o.e.m.c.i.embedder.EclipseLogger - skip non existing resourceDirectory C:\Users\Admin\eclipse-workspace\escolabackend\src\test\resources
2024-03-12 20:11:52,646 [Worker-40: Building] INFO  o.e.m.c.i.embedder.EclipseLogger - Using 'UTF-8' encoding to copy filtered resources.
2024-03-12 20:11:52,647 [Worker-40: Building] INFO  o.e.m.c.i.embedder.EclipseLogger - Copying 0 resource
2024-03-12 20:11:52,649 [Worker-40: Building] INFO  o.e.m.c.i.embedder.EclipseLogger - Using 'UTF-8' encoding to copy filtered resources.
2024-03-12 20:11:52,649 [Worker-40: Building] INFO  o.e.m.c.i.embedder.EclipseLogger - skip non existing resourceDirectory C:\Users\Admin\eclipse-workspace\liferaytest\src\test\resources
2024-03-12 20:11:53,274 [Worker-40: Building] INFO  o.e.m.c.i.embedder.EclipseLogger - Using 'UTF-8' encoding to copy filtered resources.
2024-03-12 20:11:53,274 [Worker-40: Building] INFO  o.e.m.c.i.embedder.EclipseLogger - Copying 2 resources
2024-03-12 20:11:53,278 [Worker-40: Building] INFO  o.e.m.c.i.embedder.EclipseLogger - Using 'UTF-8' encoding to copy filtered resources.
2024-03-12 20:11:53,279 [Worker-40: Building] INFO  o.e.m.c.i.embedder.EclipseLogger - Copying 0 resource
2024-03-12 20:16:04,497 [Worker-39: Building] INFO  o.e.m.c.i.embedder.EclipseLogger - Using 'UTF-8' encoding to copy filtered resources.
2024-03-12 20:16:04,497 [Worker-39: Building] INFO  o.e.m.c.i.embedder.EclipseLogger - skip non existing resourceDirectory C:\Users\Admin\eclipse-workspace\escolabackend\src\main\resources
2024-03-12 20:16:04,498 [Worker-39: Building] INFO  o.e.m.c.i.embedder.EclipseLogger - Using 'UTF-8' encoding to copy filtered resources.
2024-03-12 20:16:04,498 [Worker-39: Building] INFO  o.e.m.c.i.embedder.EclipseLogger - skip non existing resourceDirectory C:\Users\Admin\eclipse-workspace\escolabackend\src\test\resources
2024-03-12 20:16:26,188 [Worker-42: Building] INFO  o.e.m.c.i.embedder.EclipseLogger - Using 'UTF-8' encoding to copy filtered resources.
2024-03-12 20:16:26,189 [Worker-42: Building] INFO  o.e.m.c.i.embedder.EclipseLogger - skip non existing resourceDirectory C:\Users\Admin\eclipse-workspace\escolabackend\src\main\resources
2024-03-12 20:16:26,191 [Worker-42: Building] INFO  o.e.m.c.i.embedder.EclipseLogger - Using 'UTF-8' encoding to copy filtered resources.
2024-03-12 20:16:26,191 [Worker-42: Building] INFO  o.e.m.c.i.embedder.EclipseLogger - skip non existing resourceDirectory C:\Users\Admin\eclipse-workspace\escolabackend\src\test\resources
2024-03-12 20:18:41,236 [Worker-42: Building] INFO  o.e.m.c.i.embedder.EclipseLogger - Using 'UTF-8' encoding to copy filtered resources.
2024-03-12 20:18:41,237 [Worker-42: Building] INFO  o.e.m.c.i.embedder.EclipseLogger - skip non existing resourceDirectory C:\Users\Admin\eclipse-workspace\escolabackend\src\main\resources
2024-03-12 20:18:41,239 [Worker-42: Building] INFO  o.e.m.c.i.embedder.EclipseLogger - Using 'UTF-8' encoding to copy filtered resources.
2024-03-12 20:18:41,239 [Worker-42: Building] INFO  o.e.m.c.i.embedder.EclipseLogger - skip non existing resourceDirectory C:\Users\Admin\eclipse-workspace\escolabackend\src\test\resources
2024-03-12 21:47:37,338 [Worker-61: Launching App] INFO  o.e.m.c.i.embedder.EclipseLogger - Using 'UTF-8' encoding to copy filtered resources.
2024-03-12 21:47:37,338 [Worker-61: Launching App] INFO  o.e.m.c.i.embedder.EclipseLogger - skip non existing resourceDirectory C:\Users\Admin\eclipse-workspace\escolabackend\src\main\resources
2024-03-12 21:47:37,341 [Worker-61: Launching App] INFO  o.e.m.c.i.embedder.EclipseLogger - Using 'UTF-8' encoding to copy filtered resources.
2024-03-12 21:47:37,341 [Worker-61: Launching App] INFO  o.e.m.c.i.embedder.EclipseLogger - skip non existing resourceDirectory C:\Users\Admin\eclipse-workspace\escolabackend\src\test\resources
2024-03-12 21:54:37,226 [Worker-70: Building] INFO  o.e.m.c.i.embedder.EclipseLogger - Using 'UTF-8' encoding to copy filtered resources.
2024-03-12 21:54:37,227 [Worker-70: Building] INFO  o.e.m.c.i.embedder.EclipseLogger - skip non existing resourceDirectory C:\Users\Admin\eclipse-workspace\escolabackend\src\main\resources
2024-03-12 21:54:37,228 [Worker-70: Building] INFO  o.e.m.c.i.embedder.EclipseLogger - Using 'UTF-8' encoding to copy filtered resources.
2024-03-12 21:54:37,228 [Worker-70: Building] INFO  o.e.m.c.i.embedder.EclipseLogger - skip non existing resourceDirectory C:\Users\Admin\eclipse-workspace\escolabackend\src\test\resources
2024-03-12 21:54:49,634 [Worker-70: Building] INFO  o.e.m.c.i.embedder.EclipseLogger - Using 'UTF-8' encoding to copy filtered resources.
2024-03-12 21:54:49,634 [Worker-70: Building] INFO  o.e.m.c.i.embedder.EclipseLogger - skip non existing resourceDirectory C:\Users\Admin\eclipse-workspace\escolabackend\src\main\resources
2024-03-12 21:54:49,635 [Worker-70: Building] INFO  o.e.m.c.i.embedder.EclipseLogger - Using 'UTF-8' encoding to copy filtered resources.
2024-03-12 21:54:49,636 [Worker-70: Building] INFO  o.e.m.c.i.embedder.EclipseLogger - skip non existing resourceDirectory C:\Users\Admin\eclipse-workspace\escolabackend\src\test\resources
2024-03-12 21:54:56,690 [Worker-73: Building] INFO  o.e.m.c.i.embedder.EclipseLogger - Using 'UTF-8' encoding to copy filtered resources.
2024-03-12 21:54:56,690 [Worker-73: Building] INFO  o.e.m.c.i.embedder.EclipseLogger - skip non existing resourceDirectory C:\Users\Admin\eclipse-workspace\escolabackend\src\main\resources
2024-03-12 21:54:56,692 [Worker-73: Building] INFO  o.e.m.c.i.embedder.EclipseLogger - Using 'UTF-8' encoding to copy filtered resources.
2024-03-12 21:54:56,692 [Worker-73: Building] INFO  o.e.m.c.i.embedder.EclipseLogger - skip non existing resourceDirectory C:\Users\Admin\eclipse-workspace\escolabackend\src\test\resources
2024-03-12 22:00:10,478 [Worker-76: Launching App] INFO  o.e.m.c.i.embedder.EclipseLogger - Using 'UTF-8' encoding to copy filtered resources.
2024-03-12 22:00:10,478 [Worker-76: Launching App] INFO  o.e.m.c.i.embedder.EclipseLogger - skip non existing resourceDirectory C:\Users\Admin\eclipse-workspace\escolabackend\src\main\resources
2024-03-12 22:00:10,479 [Worker-76: Launching App] INFO  o.e.m.c.i.embedder.EclipseLogger - Using 'UTF-8' encoding to copy filtered resources.
2024-03-12 22:00:10,480 [Worker-76: Launching App] INFO  o.e.m.c.i.embedder.EclipseLogger - skip non existing resourceDirectory C:\Users\Admin\eclipse-workspace\escolabackend\src\test\resources
2024-03-12 22:01:15,608 [Worker-2: Loading available Gradle versions] INFO  o.e.b.c.i.u.g.PublishedGradleVersions - Gradle version information cache is up-to-date. Trying to read.
